mpicxx -O3 -DUSE_HIP -w src/task1.cu -o build/task1
mpicxx -O3 -DUSE_HIP -w src/task2.cu -o build/task2
Running task1...
Iteration 100, Residual: 8.379423e+04, Error: 4.006339e+02
Iteration 200, Residual: 5.887664e+04, Error: 3.375052e+02
Iteration 300, Residual: 4.631085e+04, Error: 2.877910e+02
Iteration 400, Residual: 3.777705e+04, Error: 2.472243e+02
Iteration 500, Residual: 3.136376e+04, Error: 2.135820e+02
Iteration 600, Residual: 2.631686e+04, Error: 1.854084e+02
Iteration 700, Residual: 2.224538e+04, Error: 1.616501e+02
Iteration 800, Residual: 1.891110e+04, Error: 1.415030e+02
Iteration 900, Residual: 1.615333e+04, Error: 1.243352e+02
Iteration 1000, Residual: 1.385629e+04, Error: 1.096405e+02
Iteration 1100, Residual: 1.193277e+04, Error: 9.700843e+01
Iteration 1200, Residual: 1.031510e+04, Error: 8.610367e+01
Iteration 1300, Residual: 8.949560e+03, Error: 7.665082e+01
Iteration 1400, Residual: 7.792939e+03, Error: 6.842283e+01
Iteration 1500, Residual: 6.810048e+03, Error: 6.123200e+01
Iteration 1600, Residual: 5.972044e+03, Error: 5.492283e+01
Iteration 1700, Residual: 5.255155e+03, Error: 4.936616e+01
Iteration 1800, Residual: 4.639726e+03, Error: 4.445449e+01
Iteration 1900, Residual: 4.109472e+03, Error: 4.009814e+01
Iteration 2000, Residual: 3.650885e+03, Error: 3.622199e+01
Iteration 2100, Residual: 3.252749e+03, Error: 3.276300e+01
Iteration 2200, Residual: 2.905749e+03, Error: 2.966799e+01
Iteration 2300, Residual: 2.602139e+03, Error: 2.689193e+01
Iteration 2400, Residual: 2.335480e+03, Error: 2.439652e+01
Iteration 2500, Residual: 2.100406e+03, Error: 2.214904e+01
Iteration 2600, Residual: 1.892442e+03, Error: 2.012138e+01
Iteration 2700, Residual: 1.707847e+03, Error: 1.828925e+01
Iteration 2800, Residual: 1.543486e+03, Error: 1.663161e+01
Iteration 2900, Residual: 1.396719e+03, Error: 1.513011e+01
Iteration 3000, Residual: 1.265320e+03, Error: 1.376866e+01
Iteration 3100, Residual: 1.147402e+03, Error: 1.253313e+01
Iteration 3200, Residual: 1.041356e+03, Error: 1.141103e+01
Iteration 3300, Residual: 9.458065e+02, Error: 1.039129e+01
Iteration 3400, Residual: 8.595711e+02, Error: 9.464041e+00
Iteration 3500, Residual: 7.816271e+02, Error: 8.620504e+00
Iteration 3600, Residual: 7.110865e+02, Error: 7.852803e+00
Iteration 3700, Residual: 6.471744e+02, Error: 7.153876e+00
Iteration 3800, Residual: 5.892114e+02, Error: 6.517371e+00
Iteration 3900, Residual: 5.365996e+02, Error: 5.937564e+00
Iteration 4000, Residual: 4.888099e+02, Error: 5.409292e+00
Iteration 4100, Residual: 4.453733e+02, Error: 4.927883e+00
Iteration 4200, Residual: 4.058719e+02, Error: 4.489113e+00
Iteration 4300, Residual: 3.699325e+02, Error: 4.089151e+00
Iteration 4400, Residual: 3.372211e+02, Error: 3.724524e+00
Iteration 4500, Residual: 3.074375e+02, Error: 3.392079e+00
Iteration 4600, Residual: 2.803119e+02, Error: 3.088951e+00
Iteration 4700, Residual: 2.556009e+02, Error: 2.812537e+00
Iteration 4800, Residual: 2.330848e+02, Error: 2.560469e+00
Iteration 4900, Residual: 2.125651e+02, Error: 2.330593e+00
Iteration 5000, Residual: 1.938617e+02, Error: 2.120948e+00
Iteration 5100, Residual: 1.768118e+02, Error: 1.929749e+00
Iteration 5200, Residual: 1.612673e+02, Error: 1.755369e+00
Iteration 5300, Residual: 1.470941e+02, Error: 1.596328e+00
Iteration 5400, Residual: 1.341702e+02, Error: 1.451276e+00
Iteration 5500, Residual: 1.223845e+02, Error: 1.318983e+00
Iteration 5600, Residual: 1.116363e+02, Error: 1.198330e+00
Iteration 5700, Residual: 1.018337e+02, Error: 1.088294e+00
Iteration 5800, Residual: 9.289309e+01, Error: 9.879450e-01
Iteration 5900, Residual: 8.473848e+01, Error: 8.964348e-01
Iteration 6000, Residual: 7.730050e+01, Error: 8.129899e-01
Iteration 6100, Residual: 7.051600e+01, Error: 7.369058e-01
Iteration 6200, Residual: 6.432743e+01, Error: 6.675402e-01
Iteration 6300, Residual: 5.868233e+01, Error: 6.043081e-01
Iteration 6400, Residual: 5.353291e+01, Error: 5.466765e-01
Iteration 6500, Residual: 4.883557e+01, Error: 4.941604e-01
Iteration 6600, Residual: 4.455058e+01, Error: 4.463179e-01
Iteration 6700, Residual: 4.064169e+01, Error: 4.027474e-01
Iteration 6800, Residual: 3.707588e+01, Error: 3.630837e-01
Iteration 6900, Residual: 3.382300e+01, Error: 3.269954e-01
Iteration 7000, Residual: 3.085557e+01, Error: 2.941820e-01
Iteration 7100, Residual: 2.814854e+01, Error: 2.643716e-01
Iteration 7200, Residual: 2.567904e+01, Error: 2.373190e-01
Iteration 7300, Residual: 2.342622e+01, Error: 2.128035e-01
Iteration 7400, Residual: 2.137106e+01, Error: 1.906278e-01
Iteration 7500, Residual: 1.949621e+01, Error: 1.706164e-01
Iteration 7600, Residual: 1.778585e+01, Error: 1.526146e-01
Iteration 7700, Residual: 1.622555e+01, Error: 1.364875e-01
Iteration 7800, Residual: 1.480214e+01, Error: 1.221186e-01
Iteration 7900, Residual: 1.350361e+01, Error: 1.094093e-01
Iteration 8000, Residual: 1.231899e+01, Error: 9.827645e-02
Iteration 8100, Residual: 1.123830e+01, Error: 8.864979e-02
Iteration 8200, Residual: 1.025242e+01, Error: 8.046749e-02
Iteration 8300, Residual: 9.353027e+00, Error: 7.366973e-02
Iteration 8400, Residual: 8.532534e+00, Error: 6.819050e-02
Iteration 8500, Residual: 7.784020e+00, Error: 6.394899e-02
Iteration 8600, Residual: 7.101171e+00, Error: 6.084291e-02
Iteration 8700, Residual: 6.478225e+00, Error: 5.874682e-02
Iteration 8800, Residual: 5.909927e+00, Error: 5.751676e-02
Iteration 8900, Residual: 5.391483e+00, Error: 5.700007e-02
Iteration 9000, Residual: 4.918519e+00, Error: 5.704704e-02
Iteration 9100, Residual: 4.487047e+00, Error: 5.752071e-02
Iteration 9200, Residual: 4.093425e+00, Error: 5.830296e-02
Iteration 9300, Residual: 3.734333e+00, Error: 5.929664e-02
Iteration 9400, Residual: 3.406742e+00, Error: 6.042483e-02
Iteration 9500, Residual: 3.107889e+00, Error: 6.162847e-02
Iteration 9600, Residual: 2.835253e+00, Error: 6.286336e-02
Iteration 9700, Residual: 2.586534e+00, Error: 6.409725e-02
Iteration 9800, Residual: 2.359633e+00, Error: 6.530715e-02
Iteration 9900, Residual: 2.152637e+00, Error: 6.647721e-02
Iteration 10000, Residual: 1.963799e+00, Error: 6.759693e-02
Iteration 10100, Residual: 1.791527e+00, Error: 6.865982e-02
Iteration 10200, Residual: 1.634367e+00, Error: 6.966235e-02
Iteration 10300, Residual: 1.490994e+00, Error: 7.060312e-02
Iteration 10400, Residual: 1.360199e+00, Error: 7.148230e-02
Iteration 10500, Residual: 1.240877e+00, Error: 7.230114e-02
Iteration 10600, Residual: 1.132022e+00, Error: 7.306164e-02
Iteration 10700, Residual: 1.032717e+00, Error: 7.376632e-02
Iteration 10800, Residual: 9.421231e-01, Error: 7.441798e-02
Iteration 10900, Residual: 8.594765e-01, Error: 7.501961e-02
Iteration 11000, Residual: 7.840799e-01, Error: 7.557425e-02
Iteration 11100, Residual: 7.152974e-01, Error: 7.608496e-02
Iteration 11200, Residual: 6.525488e-01, Error: 7.655471e-02
Iteration 11300, Residual: 5.953048e-01, Error: 7.698640e-02
Iteration 11400, Residual: 5.430824e-01, Error: 7.738278e-02
Iteration 11500, Residual: 4.954411e-01, Error: 7.774651e-02
Iteration 11600, Residual: 4.519791e-01, Error: 7.808005e-02
Iteration 11700, Residual: 4.123298e-01, Error: 7.838575e-02
Iteration 11800, Residual: 3.761587e-01, Error: 7.866581e-02
Iteration 11900, Residual: 3.431606e-01, Error: 7.892226e-02
Iteration 12000, Residual: 3.130573e-01, Error: 7.915700e-02
Iteration 12100, Residual: 2.855947e-01, Error: 7.937181e-02
Iteration 12200, Residual: 2.605412e-01, Error: 7.956831e-02
Iteration 12300, Residual: 2.376856e-01, Error: 7.974802e-02
Iteration 12400, Residual: 2.168349e-01, Error: 7.991233e-02
Iteration 12500, Residual: 1.978133e-01, Error: 8.006254e-02
Iteration 12600, Residual: 1.804604e-01, Error: 8.019982e-02
Iteration 12700, Residual: 1.646297e-01, Error: 8.032526e-02
Iteration 12800, Residual: 1.501878e-01, Error: 8.043987e-02
Iteration 12900, Residual: 1.370127e-01, Error: 8.054458e-02
Iteration 13000, Residual: 1.249934e-01, Error: 8.064021e-02
Iteration 13100, Residual: 1.140285e-01, Error: 8.072756e-02
Iteration 13200, Residual: 1.040255e-01, Error: 8.080733e-02
Final Iteration 13280, Residual: 9.665871e-02, Error: 8.086612e-02
Total Time: 1.577451 s
Total Bandwidth: 1347.236240 GB/s
Total GFLOPS: 319.968607 GFLOPS
====Task 1 profiling====.
====Task 1 completed====.
Running task2 with 8 MPI processes...
Iteration 100, Residual: 8.186622e+04, Error: 4.248058e+02
Iteration 200, Residual: 5.765168e+04, Error: 3.579230e+02
Iteration 300, Residual: 4.537290e+04, Error: 3.052254e+02
Iteration 400, Residual: 3.702084e+04, Error: 2.622158e+02
Iteration 500, Residual: 3.074004e+04, Error: 2.265438e+02
Iteration 600, Residual: 2.579576e+04, Error: 1.966685e+02
Iteration 700, Residual: 2.180631e+04, Error: 1.714736e+02
Iteration 800, Residual: 1.853881e+04, Error: 1.501073e+02
Iteration 900, Residual: 1.583605e+04, Error: 1.319000e+02
Iteration 1000, Residual: 1.358468e+04, Error: 1.163148e+02
Iteration 1100, Residual: 1.169933e+04, Error: 1.029167e+02
Iteration 1200, Residual: 1.011368e+04, Error: 9.135032e+01
Iteration 1300, Residual: 8.775136e+03, Error: 8.132353e+01
Iteration 1400, Residual: 7.641336e+03, Error: 7.259566e+01
Iteration 1500, Residual: 6.677807e+03, Error: 6.496769e+01
Iteration 1600, Residual: 5.856283e+03, Error: 5.827474e+01
Iteration 1700, Residual: 5.153467e+03, Error: 5.237987e+01
Iteration 1800, Residual: 4.550098e+03, Error: 4.716911e+01
Iteration 1900, Residual: 4.030215e+03, Error: 4.254733e+01
Iteration 2000, Residual: 3.580580e+03, Error: 3.843491e+01
Iteration 2100, Residual: 3.190201e+03, Error: 3.476498e+01
Iteration 2200, Residual: 2.849947e+03, Error: 3.148115e+01
Iteration 2300, Residual: 2.552229e+03, Error: 2.853567e+01
Iteration 2400, Residual: 2.290734e+03, Error: 2.588793e+01
Iteration 2500, Residual: 2.060204e+03, Error: 2.350321e+01
Iteration 2600, Residual: 1.856253e+03, Error: 2.135169e+01
Iteration 2700, Residual: 1.675215e+03, Error: 1.940763e+01
Iteration 2800, Residual: 1.514015e+03, Error: 1.764870e+01
Iteration 2900, Residual: 1.370067e+03, Error: 1.605543e+01
Iteration 3000, Residual: 1.241188e+03, Error: 1.461077e+01
Iteration 3100, Residual: 1.125529e+03, Error: 1.329971e+01
Iteration 3200, Residual: 1.021513e+03, Error: 1.210901e+01
Iteration 3300, Residual: 9.277910e+02, Error: 1.102691e+01
Iteration 3400, Residual: 8.432032e+02, Error: 1.004296e+01
Iteration 3500, Residual: 7.667474e+02, Error: 9.147842e+00
Iteration 3600, Residual: 6.975527e+02, Error: 8.333191e+00
Iteration 3700, Residual: 6.348594e+02, Error: 7.591517e+00
Iteration 3800, Residual: 5.780014e+02, Error: 6.916081e+00
Iteration 3900, Residual: 5.263919e+02, Error: 6.300811e+00
Iteration 4000, Residual: 4.795125e+02, Error: 5.740226e+00
Iteration 4100, Residual: 4.369030e+02, Error: 5.229371e+00
Iteration 4200, Residual: 3.981535e+02, Error: 4.763761e+00
Iteration 4300, Residual: 3.628982e+02, Error: 4.339333e+00
Iteration 4400, Residual: 3.308091e+02, Error: 3.952400e+00
Iteration 4500, Residual: 3.015922e+02, Error: 3.599618e+00
Iteration 4600, Residual: 2.749826e+02, Error: 3.277947e+00
Iteration 4700, Residual: 2.507416e+02, Error: 2.984624e+00
Iteration 4800, Residual: 2.286537e+02, Error: 2.717136e+00
Iteration 4900, Residual: 2.085242e+02, Error: 2.473197e+00
Iteration 5000, Residual: 1.901765e+02, Error: 2.250727e+00
Iteration 5100, Residual: 1.734507e+02, Error: 2.047830e+00
Iteration 5200, Residual: 1.582018e+02, Error: 1.862782e+00
Iteration 5300, Residual: 1.442981e+02, Error: 1.694012e+00
Iteration 5400, Residual: 1.316198e+02, Error: 1.540086e+00
Iteration 5500, Residual: 1.200582e+02, Error: 1.399700e+00
Iteration 5600, Residual: 1.095143e+02, Error: 1.271665e+00
Iteration 5700, Residual: 9.989802e+01, Error: 1.154897e+00
Iteration 5800, Residual: 9.112741e+01, Error: 1.048409e+00
Iteration 5900, Residual: 8.312781e+01, Error: 9.513006e-01
Iteration 6000, Residual: 7.583121e+01, Error: 8.627507e-01
Iteration 6100, Residual: 6.917567e+01, Error: 7.820116e-01
Iteration 6200, Residual: 6.310473e+01, Error: 7.084022e-01
Iteration 6300, Residual: 5.756694e+01, Error: 6.413014e-01
Iteration 6400, Residual: 5.251540e+01, Error: 5.801439e-01
Iteration 6500, Residual: 4.790734e+01, Error: 5.244146e-01
Iteration 6600, Residual: 4.370380e+01, Error: 4.736449e-01
Iteration 6700, Residual: 3.986921e+01, Error: 4.274084e-01
Iteration 6800, Residual: 3.637117e+01, Error: 3.853178e-01
Iteration 6900, Residual: 3.318012e+01, Error: 3.470212e-01
Iteration 7000, Residual: 3.026910e+01, Error: 3.121997e-01
Iteration 7100, Residual: 2.761352e+01, Error: 2.805650e-01
Iteration 7200, Residual: 2.519095e+01, Error: 2.518565e-01
Iteration 7300, Residual: 2.298095e+01, Error: 2.258403e-01
Iteration 7400, Residual: 2.096485e+01, Error: 2.023070e-01
Iteration 7500, Residual: 1.912564e+01, Error: 1.810702e-01
Iteration 7600, Residual: 1.744780e+01, Error: 1.619658e-01
Iteration 7700, Residual: 1.591715e+01, Error: 1.448504e-01
Iteration 7800, Residual: 1.452080e+01, Error: 1.296006e-01
Iteration 7900, Residual: 1.324694e+01, Error: 1.161117e-01
Iteration 8000, Residual: 1.208485e+01, Error: 1.042953e-01
Iteration 8100, Residual: 1.102470e+01, Error: 9.407692e-02
Iteration 8200, Residual: 1.005755e+01, Error: 8.539090e-02
Iteration 8300, Residual: 9.175254e+00, Error: 7.817382e-02
Iteration 8400, Residual: 8.370356e+00, Error: 7.235570e-02
Iteration 8500, Residual: 7.636070e+00, Error: 6.785091e-02
Iteration 8600, Residual: 6.966199e+00, Error: 6.455106e-02
Iteration 8700, Residual: 6.355093e+00, Error: 6.232319e-02
Iteration 8800, Residual: 5.797597e+00, Error: 6.101466e-02
Iteration 8900, Residual: 5.289007e+00, Error: 6.046356e-02
Iteration 9000, Residual: 4.825033e+00, Error: 6.051105e-02
Iteration 9100, Residual: 4.401761e+00, Error: 6.101176e-02
Iteration 9200, Residual: 4.015621e+00, Error: 6.184030e-02
Iteration 9300, Residual: 3.663354e+00, Error: 6.289353e-02
Iteration 9400, Residual: 3.341990e+00, Error: 6.408976e-02
Iteration 9500, Residual: 3.048818e+00, Error: 6.536626e-02
Iteration 9600, Residual: 2.781363e+00, Error: 6.667610e-02
Iteration 9700, Residual: 2.537371e+00, Error: 6.798500e-02
Iteration 9800, Residual: 2.314783e+00, Error: 6.926855e-02
Iteration 9900, Residual: 2.111721e+00, Error: 7.050990e-02
Iteration 10000, Residual: 1.926473e+00, Error: 7.169789e-02
Iteration 10100, Residual: 1.757475e+00, Error: 7.282562e-02
Iteration 10200, Residual: 1.603303e+00, Error: 7.388933e-02
Iteration 10300, Residual: 1.462655e+00, Error: 7.488754e-02
Iteration 10400, Residual: 1.334345e+00, Error: 7.582041e-02
Iteration 10500, Residual: 1.217291e+00, Error: 7.668926e-02
Iteration 10600, Residual: 1.110506e+00, Error: 7.749623e-02
Iteration 10700, Residual: 1.013088e+00, Error: 7.824397e-02
Iteration 10800, Residual: 9.242162e-01, Error: 7.893546e-02
Iteration 10900, Residual: 8.431404e-01, Error: 7.957386e-02
Iteration 11000, Residual: 7.691769e-01, Error: 8.016241e-02
Iteration 11100, Residual: 7.017018e-01, Error: 8.070434e-02
Iteration 11200, Residual: 6.401458e-01, Error: 8.120281e-02
Iteration 11300, Residual: 5.839898e-01, Error: 8.166089e-02
Iteration 11400, Residual: 5.327600e-01, Error: 8.208152e-02
Iteration 11500, Residual: 4.860243e-01, Error: 8.246748e-02
Iteration 11600, Residual: 4.433884e-01, Error: 8.282142e-02
Iteration 11700, Residual: 4.044927e-01, Error: 8.314582e-02
Iteration 11800, Residual: 3.690090e-01, Error: 8.344300e-02
Iteration 11900, Residual: 3.366382e-01, Error: 8.371514e-02
Iteration 12000, Residual: 3.071070e-01, Error: 8.396424e-02
Iteration 12100, Residual: 2.801664e-01, Error: 8.419218e-02
Iteration 12200, Residual: 2.555891e-01, Error: 8.440071e-02
Iteration 12300, Residual: 2.331679e-01, Error: 8.459141e-02
Iteration 12400, Residual: 2.127135e-01, Error: 8.476577e-02
Iteration 12500, Residual: 1.940535e-01, Error: 8.492516e-02
Iteration 12600, Residual: 1.770304e-01, Error: 8.507084e-02
Iteration 12700, Residual: 1.615006e-01, Error: 8.520396e-02
Iteration 12800, Residual: 1.473331e-01, Error: 8.532558e-02
Iteration 12900, Residual: 1.344085e-01, Error: 8.543669e-02
Iteration 13000, Residual: 1.226177e-01, Error: 8.553818e-02
Iteration 13100, Residual: 1.118612e-01, Error: 8.563087e-02
Iteration 13200, Residual: 1.020483e-01, Error: 8.571551e-02
Final Iteration 13281, Residual: 9.473450e-02, Error: 8.577865e-02
Total Time: 3.406454 s
Total Bandwidth: 633.824926 GB/s
Total GFLOPS: 150.533420 GFLOPS
====Task 2 profiling====.
====Task 2 completed====.
All Steps completed.
