mpicxx -O3 -DUSE_HIP -w src/task1.cu -o build/task1
mpicxx -O3 -DUSE_HIP -w src/task2.cu -o build/task2
Running task1...
Iteration 100, Residual: 8.379423e+04, Error: 4.006339e+02
Iteration 200, Residual: 5.887664e+04, Error: 3.375052e+02
Iteration 300, Residual: 4.631085e+04, Error: 2.877910e+02
Iteration 400, Residual: 3.777705e+04, Error: 2.472243e+02
Iteration 500, Residual: 3.136376e+04, Error: 2.135820e+02
Iteration 600, Residual: 2.631686e+04, Error: 1.854084e+02
Iteration 700, Residual: 2.224538e+04, Error: 1.616501e+02
Iteration 800, Residual: 1.891110e+04, Error: 1.415030e+02
Iteration 900, Residual: 1.615333e+04, Error: 1.243352e+02
Iteration 1000, Residual: 1.385629e+04, Error: 1.096405e+02
Iteration 1100, Residual: 1.193277e+04, Error: 9.700843e+01
Iteration 1200, Residual: 1.031510e+04, Error: 8.610367e+01
Iteration 1300, Residual: 8.949560e+03, Error: 7.665082e+01
Iteration 1400, Residual: 7.792939e+03, Error: 6.842283e+01
Iteration 1500, Residual: 6.810048e+03, Error: 6.123200e+01
Iteration 1600, Residual: 5.972044e+03, Error: 5.492283e+01
Iteration 1700, Residual: 5.255155e+03, Error: 4.936616e+01
Iteration 1800, Residual: 4.639726e+03, Error: 4.445449e+01
Iteration 1900, Residual: 4.109472e+03, Error: 4.009814e+01
Iteration 2000, Residual: 3.650885e+03, Error: 3.622199e+01
Iteration 2100, Residual: 3.252749e+03, Error: 3.276300e+01
Iteration 2200, Residual: 2.905749e+03, Error: 2.966799e+01
Iteration 2300, Residual: 2.602139e+03, Error: 2.689193e+01
Iteration 2400, Residual: 2.335480e+03, Error: 2.439652e+01
Iteration 2500, Residual: 2.100406e+03, Error: 2.214904e+01
Iteration 2600, Residual: 1.892442e+03, Error: 2.012138e+01
Iteration 2700, Residual: 1.707847e+03, Error: 1.828925e+01
Iteration 2800, Residual: 1.543486e+03, Error: 1.663161e+01
Iteration 2900, Residual: 1.396719e+03, Error: 1.513011e+01
Iteration 3000, Residual: 1.265320e+03, Error: 1.376866e+01
Iteration 3100, Residual: 1.147402e+03, Error: 1.253313e+01
Iteration 3200, Residual: 1.041356e+03, Error: 1.141103e+01
Iteration 3300, Residual: 9.458065e+02, Error: 1.039129e+01
Iteration 3400, Residual: 8.595711e+02, Error: 9.464041e+00
Iteration 3500, Residual: 7.816271e+02, Error: 8.620504e+00
Iteration 3600, Residual: 7.110865e+02, Error: 7.852803e+00
Iteration 3700, Residual: 6.471744e+02, Error: 7.153876e+00
Iteration 3800, Residual: 5.892114e+02, Error: 6.517371e+00
Iteration 3900, Residual: 5.365996e+02, Error: 5.937564e+00
Iteration 4000, Residual: 4.888099e+02, Error: 5.409292e+00
Iteration 4100, Residual: 4.453733e+02, Error: 4.927883e+00
Iteration 4200, Residual: 4.058719e+02, Error: 4.489113e+00
Iteration 4300, Residual: 3.699325e+02, Error: 4.089151e+00
Iteration 4400, Residual: 3.372211e+02, Error: 3.724524e+00
Iteration 4500, Residual: 3.074375e+02, Error: 3.392079e+00
Iteration 4600, Residual: 2.803119e+02, Error: 3.088951e+00
Iteration 4700, Residual: 2.556009e+02, Error: 2.812537e+00
Iteration 4800, Residual: 2.330848e+02, Error: 2.560469e+00
Iteration 4900, Residual: 2.125651e+02, Error: 2.330593e+00
Iteration 5000, Residual: 1.938617e+02, Error: 2.120948e+00
Iteration 5100, Residual: 1.768118e+02, Error: 1.929749e+00
Iteration 5200, Residual: 1.612673e+02, Error: 1.755369e+00
Iteration 5300, Residual: 1.470941e+02, Error: 1.596328e+00
Iteration 5400, Residual: 1.341702e+02, Error: 1.451276e+00
Iteration 5500, Residual: 1.223845e+02, Error: 1.318983e+00
Iteration 5600, Residual: 1.116363e+02, Error: 1.198330e+00
Iteration 5700, Residual: 1.018337e+02, Error: 1.088294e+00
Iteration 5800, Residual: 9.289309e+01, Error: 9.879450e-01
Iteration 5900, Residual: 8.473848e+01, Error: 8.964348e-01
Iteration 6000, Residual: 7.730050e+01, Error: 8.129899e-01
Iteration 6100, Residual: 7.051600e+01, Error: 7.369058e-01
Iteration 6200, Residual: 6.432743e+01, Error: 6.675402e-01
Iteration 6300, Residual: 5.868233e+01, Error: 6.043081e-01
Iteration 6400, Residual: 5.353291e+01, Error: 5.466765e-01
Iteration 6500, Residual: 4.883557e+01, Error: 4.941604e-01
Iteration 6600, Residual: 4.455058e+01, Error: 4.463179e-01
Iteration 6700, Residual: 4.064169e+01, Error: 4.027474e-01
Iteration 6800, Residual: 3.707588e+01, Error: 3.630837e-01
Iteration 6900, Residual: 3.382300e+01, Error: 3.269954e-01
Iteration 7000, Residual: 3.085557e+01, Error: 2.941820e-01
Iteration 7100, Residual: 2.814854e+01, Error: 2.643716e-01
Iteration 7200, Residual: 2.567904e+01, Error: 2.373190e-01
Iteration 7300, Residual: 2.342622e+01, Error: 2.128035e-01
Iteration 7400, Residual: 2.137106e+01, Error: 1.906278e-01
Iteration 7500, Residual: 1.949621e+01, Error: 1.706164e-01
Iteration 7600, Residual: 1.778585e+01, Error: 1.526146e-01
Iteration 7700, Residual: 1.622555e+01, Error: 1.364875e-01
Iteration 7800, Residual: 1.480214e+01, Error: 1.221186e-01
Iteration 7900, Residual: 1.350361e+01, Error: 1.094093e-01
Iteration 8000, Residual: 1.231899e+01, Error: 9.827645e-02
Iteration 8100, Residual: 1.123830e+01, Error: 8.864979e-02
Iteration 8200, Residual: 1.025242e+01, Error: 8.046749e-02
Iteration 8300, Residual: 9.353027e+00, Error: 7.366973e-02
Iteration 8400, Residual: 8.532534e+00, Error: 6.819050e-02
Iteration 8500, Residual: 7.784020e+00, Error: 6.394899e-02
Iteration 8600, Residual: 7.101171e+00, Error: 6.084291e-02
Iteration 8700, Residual: 6.478225e+00, Error: 5.874682e-02
Iteration 8800, Residual: 5.909927e+00, Error: 5.751676e-02
Iteration 8900, Residual: 5.391483e+00, Error: 5.700007e-02
Iteration 9000, Residual: 4.918519e+00, Error: 5.704704e-02
Iteration 9100, Residual: 4.487047e+00, Error: 5.752071e-02
Iteration 9200, Residual: 4.093425e+00, Error: 5.830296e-02
Iteration 9300, Residual: 3.734333e+00, Error: 5.929664e-02
Iteration 9400, Residual: 3.406742e+00, Error: 6.042483e-02
Iteration 9500, Residual: 3.107889e+00, Error: 6.162847e-02
Iteration 9600, Residual: 2.835253e+00, Error: 6.286336e-02
Iteration 9700, Residual: 2.586534e+00, Error: 6.409725e-02
Iteration 9800, Residual: 2.359633e+00, Error: 6.530715e-02
Iteration 9900, Residual: 2.152637e+00, Error: 6.647721e-02
Iteration 10000, Residual: 1.963799e+00, Error: 6.759693e-02
Iteration 10100, Residual: 1.791527e+00, Error: 6.865982e-02
Iteration 10200, Residual: 1.634367e+00, Error: 6.966235e-02
Iteration 10300, Residual: 1.490994e+00, Error: 7.060312e-02
Iteration 10400, Residual: 1.360199e+00, Error: 7.148230e-02
Iteration 10500, Residual: 1.240877e+00, Error: 7.230114e-02
Iteration 10600, Residual: 1.132022e+00, Error: 7.306164e-02
Iteration 10700, Residual: 1.032717e+00, Error: 7.376632e-02
Iteration 10800, Residual: 9.421231e-01, Error: 7.441798e-02
Iteration 10900, Residual: 8.594765e-01, Error: 7.501961e-02
Iteration 11000, Residual: 7.840799e-01, Error: 7.557425e-02
Iteration 11100, Residual: 7.152974e-01, Error: 7.608496e-02
Iteration 11200, Residual: 6.525488e-01, Error: 7.655471e-02
Iteration 11300, Residual: 5.953048e-01, Error: 7.698640e-02
Iteration 11400, Residual: 5.430824e-01, Error: 7.738278e-02
Iteration 11500, Residual: 4.954411e-01, Error: 7.774651e-02
Iteration 11600, Residual: 4.519791e-01, Error: 7.808005e-02
Iteration 11700, Residual: 4.123298e-01, Error: 7.838575e-02
Iteration 11800, Residual: 3.761587e-01, Error: 7.866581e-02
Iteration 11900, Residual: 3.431606e-01, Error: 7.892226e-02
Iteration 12000, Residual: 3.130573e-01, Error: 7.915700e-02
Iteration 12100, Residual: 2.855947e-01, Error: 7.937181e-02
Iteration 12200, Residual: 2.605412e-01, Error: 7.956831e-02
Iteration 12300, Residual: 2.376856e-01, Error: 7.974802e-02
Iteration 12400, Residual: 2.168349e-01, Error: 7.991233e-02
Iteration 12500, Residual: 1.978133e-01, Error: 8.006254e-02
Iteration 12600, Residual: 1.804604e-01, Error: 8.019982e-02
Iteration 12700, Residual: 1.646297e-01, Error: 8.032526e-02
Iteration 12800, Residual: 1.501878e-01, Error: 8.043987e-02
Iteration 12900, Residual: 1.370127e-01, Error: 8.054458e-02
Iteration 13000, Residual: 1.249934e-01, Error: 8.064021e-02
Iteration 13100, Residual: 1.140285e-01, Error: 8.072756e-02
Iteration 13200, Residual: 1.040255e-01, Error: 8.080733e-02
Final Iteration 13280, Residual: 9.665871e-02, Error: 8.086612e-02
Total Time: 1.753662 s
Total Bandwidth: 1211.863788 GB/s
Total GFLOPS: 227.224460 GFLOPS
====Task 1 profiling====.
====Task 1 completed====.
Running task2 with 4 MPI processes...
Iteration 100, Residual: 8.267394e+04, Error: 4.128562e+02
Iteration 200, Residual: 5.821932e+04, Error: 3.478582e+02
Iteration 300, Residual: 4.581940e+04, Error: 2.966441e+02
Iteration 400, Residual: 3.738507e+04, Error: 2.548449e+02
Iteration 500, Residual: 3.104244e+04, Error: 2.201766e+02
Iteration 600, Residual: 2.604951e+04, Error: 1.911418e+02
Iteration 700, Residual: 2.202080e+04, Error: 1.666557e+02
Iteration 800, Residual: 1.872115e+04, Error: 1.458906e+02
Iteration 900, Residual: 1.599180e+04, Error: 1.281955e+02
Iteration 1000, Residual: 1.371829e+04, Error: 1.130488e+02
Iteration 1100, Residual: 1.181439e+04, Error: 1.000278e+02
Iteration 1200, Residual: 1.021314e+04, Error: 8.878696e+01
Iteration 1300, Residual: 8.861429e+03, Error: 7.904246e+01
Iteration 1400, Residual: 7.716476e+03, Error: 7.056039e+01
Iteration 1500, Residual: 6.743471e+03, Error: 6.314734e+01
Iteration 1600, Residual: 5.913867e+03, Error: 5.664306e+01
Iteration 1700, Residual: 5.204139e+03, Error: 5.091447e+01
Iteration 1800, Residual: 4.594835e+03, Error: 4.585081e+01
Iteration 1900, Residual: 4.069840e+03, Error: 4.135963e+01
Iteration 2000, Residual: 3.615783e+03, Error: 3.736357e+01
Iteration 2100, Residual: 3.221565e+03, Error: 3.379763e+01
Iteration 2200, Residual: 2.877965e+03, Error: 3.060701e+01
Iteration 2300, Residual: 2.577319e+03, Error: 2.774533e+01
Iteration 2400, Residual: 2.313253e+03, Error: 2.517312e+01
Iteration 2500, Residual: 2.080457e+03, Error: 2.285664e+01
Iteration 2600, Residual: 1.874501e+03, Error: 2.076693e+01
Iteration 2700, Residual: 1.691683e+03, Error: 1.887898e+01
Iteration 2800, Residual: 1.528897e+03, Error: 1.717109e+01
Iteration 2900, Residual: 1.383534e+03, Error: 1.562437e+01
Iteration 3000, Residual: 1.253389e+03, Error: 1.422225e+01
Iteration 3100, Residual: 1.136593e+03, Error: 1.295017e+01
Iteration 3200, Residual: 1.031554e+03, Error: 1.179526e+01
Iteration 3300, Residual: 9.369109e+02, Error: 1.074614e+01
Iteration 3400, Residual: 8.514916e+02, Error: 9.792659e+00
Iteration 3500, Residual: 7.742842e+02, Error: 8.925775e+00
Iteration 3600, Residual: 7.044093e+02, Error: 8.137399e+00
Iteration 3700, Residual: 6.410998e+02, Error: 7.420274e+00
Iteration 3800, Residual: 5.836828e+02, Error: 6.767882e+00
Iteration 3900, Residual: 5.315661e+02, Error: 6.174354e+00
Iteration 4000, Residual: 4.842259e+02, Error: 5.634400e+00
Iteration 4100, Residual: 4.411975e+02, Error: 5.143244e+00
Iteration 4200, Residual: 4.020671e+02, Error: 4.696568e+00
Iteration 4300, Residual: 3.664652e+02, Error: 4.290469e+00
Iteration 4400, Residual: 3.340608e+02, Error: 3.921413e+00
Iteration 4500, Residual: 3.045566e+02, Error: 3.586198e+00
Iteration 4600, Residual: 2.776855e+02, Error: 3.281925e+00
Iteration 4700, Residual: 2.532062e+02, Error: 3.005962e+00
Iteration 4800, Residual: 2.309013e+02, Error: 2.755926e+00
Iteration 4900, Residual: 2.105738e+02, Error: 2.529650e+00
Iteration 5000, Residual: 1.920458e+02, Error: 2.325167e+00
Iteration 5100, Residual: 1.751556e+02, Error: 2.140687e+00
Iteration 5200, Residual: 1.597568e+02, Error: 1.974581e+00
Iteration 5300, Residual: 1.457164e+02, Error: 1.825359e+00
Iteration 5400, Residual: 1.329135e+02, Error: 1.691654e+00
Iteration 5500, Residual: 1.212383e+02, Error: 1.572211e+00
Iteration 5600, Residual: 1.105907e+02, Error: 1.465866e+00
Iteration 5700, Residual: 1.008799e+02, Error: 1.371537e+00
Iteration 5800, Residual: 9.202313e+01, Error: 1.288209e+00
Iteration 5900, Residual: 8.394489e+01, Error: 1.214927e+00
Iteration 6000, Residual: 7.657658e+01, Error: 1.150787e+00
Iteration 6100, Residual: 6.985562e+01, Error: 1.094929e+00
Iteration 6200, Residual: 6.372501e+01, Error: 1.046536e+00
Iteration 6300, Residual: 5.813278e+01, Error: 1.004832e+00
Iteration 6400, Residual: 5.303159e+01, Error: 9.690842e-01
Iteration 6500, Residual: 4.837824e+01, Error: 9.386040e-01
Iteration 6600, Residual: 4.413338e+01, Error: 9.127502e-01
Iteration 6700, Residual: 4.026110e+01, Error: 8.909315e-01
Iteration 6800, Residual: 3.672868e+01, Error: 8.726085e-01
Iteration 6900, Residual: 3.350626e+01, Error: 8.572940e-01
Iteration 7000, Residual: 3.056662e+01, Error: 8.445528e-01
Iteration 7100, Residual: 2.788494e+01, Error: 8.340001e-01
Iteration 7200, Residual: 2.543856e+01, Error: 8.252987e-01
Iteration 7300, Residual: 2.320684e+01, Error: 8.181556e-01
Iteration 7400, Residual: 2.117092e+01, Error: 8.123182e-01
Iteration 7500, Residual: 1.931364e+01, Error: 8.075706e-01
Iteration 7600, Residual: 1.761930e+01, Error: 8.037287e-01
Iteration 7700, Residual: 1.607361e+01, Error: 8.006369e-01
Iteration 7800, Residual: 1.466353e+01, Error: 7.981642e-01
Iteration 7900, Residual: 1.337715e+01, Error: 7.962006e-01
Iteration 8000, Residual: 1.220363e+01, Error: 7.946542e-01
Iteration 8100, Residual: 1.113306e+01, Error: 7.934485e-01
Iteration 8200, Residual: 1.015641e+01, Error: 7.925201e-01
Iteration 8300, Residual: 9.265440e+00, Error: 7.918163e-01
Iteration 8400, Residual: 8.452631e+00, Error: 7.912937e-01
Iteration 8500, Residual: 7.711127e+00, Error: 7.909167e-01
Iteration 8600, Residual: 7.034672e+00, Error: 7.906558e-01
Iteration 8700, Residual: 6.417559e+00, Error: 7.904869e-01
Iteration 8800, Residual: 5.854583e+00, Error: 7.903905e-01
Iteration 8900, Residual: 5.340994e+00, Error: 7.903505e-01
Iteration 9000, Residual: 4.872460e+00, Error: 7.903540e-01
Iteration 9100, Residual: 4.445028e+00, Error: 7.903904e-01
Iteration 9200, Residual: 4.055092e+00, Error: 7.904512e-01
Iteration 9300, Residual: 3.699363e+00, Error: 7.905297e-01
Iteration 9400, Residual: 3.374840e+00, Error: 7.906205e-01
Iteration 9500, Residual: 3.078785e+00, Error: 7.907192e-01
Iteration 9600, Residual: 2.808702e+00, Error: 7.908225e-01
Iteration 9700, Residual: 2.562312e+00, Error: 7.909278e-01
Iteration 9800, Residual: 2.337536e+00, Error: 7.910330e-01
Iteration 9900, Residual: 2.132478e+00, Error: 7.911366e-01
Iteration 10000, Residual: 1.945409e+00, Error: 7.912375e-01
Iteration 10100, Residual: 1.774750e+00, Error: 7.913348e-01
Iteration 10200, Residual: 1.619062e+00, Error: 7.914279e-01
Iteration 10300, Residual: 1.477032e+00, Error: 7.915165e-01
Iteration 10400, Residual: 1.347461e+00, Error: 7.916004e-01
Iteration 10500, Residual: 1.229257e+00, Error: 7.916795e-01
Iteration 10600, Residual: 1.121421e+00, Error: 7.917537e-01
Iteration 10700, Residual: 1.023046e+00, Error: 7.918232e-01
Iteration 10800, Residual: 9.333006e-01, Error: 7.918880e-01
Iteration 10900, Residual: 8.514279e-01, Error: 7.919484e-01
Iteration 11000, Residual: 7.767374e-01, Error: 7.920044e-01
Iteration 11100, Residual: 7.085990e-01, Error: 7.920564e-01
Iteration 11200, Residual: 6.464380e-01, Error: 7.921046e-01
Iteration 11300, Residual: 5.897300e-01, Error: 7.921490e-01
Iteration 11400, Residual: 5.379967e-01, Error: 7.921901e-01
Iteration 11500, Residual: 4.908016e-01, Error: 7.922280e-01
Iteration 11600, Residual: 4.477466e-01, Error: 7.922629e-01
Iteration 11700, Residual: 4.084685e-01, Error: 7.922950e-01
Iteration 11800, Residual: 3.726361e-01, Error: 7.923245e-01
Iteration 11900, Residual: 3.399471e-01, Error: 7.923516e-01
Iteration 12000, Residual: 3.101256e-01, Error: 7.923765e-01
Iteration 12100, Residual: 2.829202e-01, Error: 7.923993e-01
Iteration 12200, Residual: 2.581014e-01, Error: 7.924203e-01
Iteration 12300, Residual: 2.354598e-01, Error: 7.924395e-01
Iteration 12400, Residual: 2.148043e-01, Error: 7.924571e-01
Iteration 12500, Residual: 1.959609e-01, Error: 7.924732e-01
Iteration 12600, Residual: 1.787704e-01, Error: 7.924880e-01
Iteration 12700, Residual: 1.630880e-01, Error: 7.925015e-01
Iteration 12800, Residual: 1.487813e-01, Error: 7.925138e-01
Iteration 12900, Residual: 1.357297e-01, Error: 7.925252e-01
Iteration 13000, Residual: 1.238229e-01, Error: 7.925355e-01
Iteration 13100, Residual: 1.129607e-01, Error: 7.925450e-01
Iteration 13200, Residual: 1.030514e-01, Error: 7.925536e-01
Final Iteration 13281, Residual: 9.566568e-02, Error: 7.925600e-01
Total Time: 3.005536 s
Total Bandwidth: 179.593185 GB/s
Total GFLOPS: 33.673722 GFLOPS
====Task 2 completed====.
All Steps completed.
