mpicxx -O3 -DUSE_HIP -w src/task1_shared.cu -o build/task1
mpicxx -O3 -DUSE_HIP -w src/task2.cu -o build/task2
Running task1...
Iteration 100, Residual: 8.379423e+04, Error: 4.006339e+02
Iteration 200, Residual: 5.887664e+04, Error: 3.375052e+02
Iteration 300, Residual: 4.631085e+04, Error: 2.877910e+02
Iteration 400, Residual: 3.777705e+04, Error: 2.472243e+02
Iteration 500, Residual: 3.136376e+04, Error: 2.135820e+02
Iteration 600, Residual: 2.631686e+04, Error: 1.854084e+02
Iteration 700, Residual: 2.224538e+04, Error: 1.616501e+02
Iteration 800, Residual: 1.891110e+04, Error: 1.415030e+02
Iteration 900, Residual: 1.615333e+04, Error: 1.243352e+02
Iteration 1000, Residual: 1.385629e+04, Error: 1.096405e+02
Iteration 1100, Residual: 1.193277e+04, Error: 9.700843e+01
Iteration 1200, Residual: 1.031510e+04, Error: 8.610367e+01
Iteration 1300, Residual: 8.949560e+03, Error: 7.665082e+01
Iteration 1400, Residual: 7.792939e+03, Error: 6.842283e+01
Iteration 1500, Residual: 6.810048e+03, Error: 6.123200e+01
Iteration 1600, Residual: 5.972044e+03, Error: 5.492283e+01
Iteration 1700, Residual: 5.255155e+03, Error: 4.936616e+01
Iteration 1800, Residual: 4.639726e+03, Error: 4.445449e+01
Iteration 1900, Residual: 4.109472e+03, Error: 4.009814e+01
Iteration 2000, Residual: 3.650885e+03, Error: 3.622199e+01
Iteration 2100, Residual: 3.252749e+03, Error: 3.276300e+01
Iteration 2200, Residual: 2.905749e+03, Error: 2.966799e+01
Iteration 2300, Residual: 2.602139e+03, Error: 2.689193e+01
Iteration 2400, Residual: 2.335480e+03, Error: 2.439652e+01
Iteration 2500, Residual: 2.100406e+03, Error: 2.214904e+01
Iteration 2600, Residual: 1.892442e+03, Error: 2.012138e+01
Iteration 2700, Residual: 1.707847e+03, Error: 1.828925e+01
Iteration 2800, Residual: 1.543486e+03, Error: 1.663161e+01
Iteration 2900, Residual: 1.396719e+03, Error: 1.513011e+01
Iteration 3000, Residual: 1.265320e+03, Error: 1.376866e+01
Iteration 3100, Residual: 1.147402e+03, Error: 1.253313e+01
Iteration 3200, Residual: 1.041356e+03, Error: 1.141103e+01
Iteration 3300, Residual: 9.458065e+02, Error: 1.039129e+01
Iteration 3400, Residual: 8.595711e+02, Error: 9.464041e+00
Iteration 3500, Residual: 7.816271e+02, Error: 8.620504e+00
Iteration 3600, Residual: 7.110865e+02, Error: 7.852803e+00
Iteration 3700, Residual: 6.471744e+02, Error: 7.153876e+00
Iteration 3800, Residual: 5.892114e+02, Error: 6.517371e+00
Iteration 3900, Residual: 5.365996e+02, Error: 5.937564e+00
Iteration 4000, Residual: 4.888099e+02, Error: 5.409292e+00
Iteration 4100, Residual: 4.453733e+02, Error: 4.927883e+00
Iteration 4200, Residual: 4.058719e+02, Error: 4.489113e+00
Iteration 4300, Residual: 3.699325e+02, Error: 4.089151e+00
Iteration 4400, Residual: 3.372211e+02, Error: 3.724524e+00
Iteration 4500, Residual: 3.074375e+02, Error: 3.392079e+00
Iteration 4600, Residual: 2.803119e+02, Error: 3.088951e+00
Iteration 4700, Residual: 2.556009e+02, Error: 2.812537e+00
Iteration 4800, Residual: 2.330848e+02, Error: 2.560469e+00
Iteration 4900, Residual: 2.125651e+02, Error: 2.330593e+00
Iteration 5000, Residual: 1.938617e+02, Error: 2.120948e+00
Iteration 5100, Residual: 1.768118e+02, Error: 1.929749e+00
Iteration 5200, Residual: 1.612673e+02, Error: 1.755369e+00
Iteration 5300, Residual: 1.470941e+02, Error: 1.596328e+00
Iteration 5400, Residual: 1.341702e+02, Error: 1.451276e+00
Iteration 5500, Residual: 1.223845e+02, Error: 1.318983e+00
Iteration 5600, Residual: 1.116363e+02, Error: 1.198330e+00
Iteration 5700, Residual: 1.018337e+02, Error: 1.088294e+00
Iteration 5800, Residual: 9.289309e+01, Error: 9.879450e-01
Iteration 5900, Residual: 8.473848e+01, Error: 8.964348e-01
Iteration 6000, Residual: 7.730050e+01, Error: 8.129899e-01
Iteration 6100, Residual: 7.051600e+01, Error: 7.369058e-01
Iteration 6200, Residual: 6.432743e+01, Error: 6.675402e-01
Iteration 6300, Residual: 5.868233e+01, Error: 6.043081e-01
Iteration 6400, Residual: 5.353291e+01, Error: 5.466765e-01
Iteration 6500, Residual: 4.883557e+01, Error: 4.941604e-01
Iteration 6600, Residual: 4.455058e+01, Error: 4.463179e-01
Iteration 6700, Residual: 4.064169e+01, Error: 4.027474e-01
Iteration 6800, Residual: 3.707588e+01, Error: 3.630837e-01
Iteration 6900, Residual: 3.382300e+01, Error: 3.269954e-01
Iteration 7000, Residual: 3.085557e+01, Error: 2.941820e-01
Iteration 7100, Residual: 2.814854e+01, Error: 2.643716e-01
Iteration 7200, Residual: 2.567904e+01, Error: 2.373190e-01
Iteration 7300, Residual: 2.342622e+01, Error: 2.128035e-01
Iteration 7400, Residual: 2.137106e+01, Error: 1.906278e-01
Iteration 7500, Residual: 1.949621e+01, Error: 1.706164e-01
Iteration 7600, Residual: 1.778585e+01, Error: 1.526146e-01
Iteration 7700, Residual: 1.622555e+01, Error: 1.364875e-01
Iteration 7800, Residual: 1.480214e+01, Error: 1.221186e-01
Iteration 7900, Residual: 1.350361e+01, Error: 1.094093e-01
Iteration 8000, Residual: 1.231899e+01, Error: 9.827645e-02
Iteration 8100, Residual: 1.123830e+01, Error: 8.864979e-02
Iteration 8200, Residual: 1.025242e+01, Error: 8.046749e-02
Iteration 8300, Residual: 9.353027e+00, Error: 7.366973e-02
Iteration 8400, Residual: 8.532534e+00, Error: 6.819050e-02
Iteration 8500, Residual: 7.784020e+00, Error: 6.394899e-02
Iteration 8600, Residual: 7.101171e+00, Error: 6.084291e-02
Iteration 8700, Residual: 6.478225e+00, Error: 5.874682e-02
Iteration 8800, Residual: 5.909927e+00, Error: 5.751676e-02
Iteration 8900, Residual: 5.391483e+00, Error: 5.700007e-02
Iteration 9000, Residual: 4.918519e+00, Error: 5.704704e-02
Iteration 9100, Residual: 4.487047e+00, Error: 5.752071e-02
Iteration 9200, Residual: 4.093425e+00, Error: 5.830296e-02
Iteration 9300, Residual: 3.734333e+00, Error: 5.929664e-02
Iteration 9400, Residual: 3.406742e+00, Error: 6.042483e-02
Iteration 9500, Residual: 3.107889e+00, Error: 6.162847e-02
Iteration 9600, Residual: 2.835253e+00, Error: 6.286336e-02
Iteration 9700, Residual: 2.586534e+00, Error: 6.409725e-02
Iteration 9800, Residual: 2.359633e+00, Error: 6.530715e-02
Iteration 9900, Residual: 2.152637e+00, Error: 6.647721e-02
Iteration 10000, Residual: 1.963799e+00, Error: 6.759693e-02
Iteration 10100, Residual: 1.791527e+00, Error: 6.865982e-02
Iteration 10200, Residual: 1.634367e+00, Error: 6.966235e-02
Iteration 10300, Residual: 1.490994e+00, Error: 7.060312e-02
Iteration 10400, Residual: 1.360199e+00, Error: 7.148230e-02
Iteration 10500, Residual: 1.240877e+00, Error: 7.230114e-02
Iteration 10600, Residual: 1.132022e+00, Error: 7.306164e-02
Iteration 10700, Residual: 1.032717e+00, Error: 7.376632e-02
Iteration 10800, Residual: 9.421231e-01, Error: 7.441798e-02
Iteration 10900, Residual: 8.594765e-01, Error: 7.501961e-02
Iteration 11000, Residual: 7.840799e-01, Error: 7.557425e-02
Iteration 11100, Residual: 7.152974e-01, Error: 7.608496e-02
Iteration 11200, Residual: 6.525488e-01, Error: 7.655471e-02
Iteration 11300, Residual: 5.953048e-01, Error: 7.698640e-02
Iteration 11400, Residual: 5.430824e-01, Error: 7.738278e-02
Iteration 11500, Residual: 4.954411e-01, Error: 7.774651e-02
Iteration 11600, Residual: 4.519791e-01, Error: 7.808005e-02
Iteration 11700, Residual: 4.123298e-01, Error: 7.838575e-02
Iteration 11800, Residual: 3.761587e-01, Error: 7.866581e-02
Iteration 11900, Residual: 3.431606e-01, Error: 7.892226e-02
Iteration 12000, Residual: 3.130573e-01, Error: 7.915700e-02
Iteration 12100, Residual: 2.855947e-01, Error: 7.937181e-02
Iteration 12200, Residual: 2.605412e-01, Error: 7.956831e-02
Iteration 12300, Residual: 2.376856e-01, Error: 7.974802e-02
Iteration 12400, Residual: 2.168349e-01, Error: 7.991233e-02
Iteration 12500, Residual: 1.978133e-01, Error: 8.006254e-02
Iteration 12600, Residual: 1.804604e-01, Error: 8.019982e-02
Iteration 12700, Residual: 1.646297e-01, Error: 8.032526e-02
Iteration 12800, Residual: 1.501878e-01, Error: 8.043987e-02
Iteration 12900, Residual: 1.370127e-01, Error: 8.054458e-02
Iteration 13000, Residual: 1.249934e-01, Error: 8.064021e-02
Iteration 13100, Residual: 1.140285e-01, Error: 8.072756e-02
Iteration 13200, Residual: 1.040255e-01, Error: 8.080733e-02
Final Iteration 13280, Residual: 9.665871e-02, Error: 8.086612e-02
Total Time: 1.891076 s
Total Bandwidth: 1123.804383 GB/s
Total GFLOPS: 266.903541 GFLOPS
====Task 1 profiling====.
====Task 1 completed====.
All Steps completed.
