mpicxx -O3 -DUSE_HIP -w src/task1_shared.cu -o build/task1
mpicxx -O3 -DUSE_HIP -w src/task2.cu -o build/task2
Running task1...
Iteration 100, Residual: 5.129998e+05, Error: 1.324026e+03
Iteration 200, Residual: 3.422897e+05, Error: 1.254687e+03
Iteration 300, Residual: 2.765329e+05, Error: 1.195058e+03
Iteration 400, Residual: 2.393830e+05, Error: 1.141336e+03
Iteration 500, Residual: 2.143177e+05, Error: 1.091959e+03
Iteration 600, Residual: 1.955938e+05, Error: 1.046070e+03
Iteration 700, Residual: 1.806760e+05, Error: 1.003123e+03
Iteration 800, Residual: 1.682646e+05, Error: 9.627357e+02
Iteration 900, Residual: 1.576201e+05, Error: 9.246238e+02
Iteration 1000, Residual: 1.482880e+05, Error: 8.885629e+02
Iteration 1100, Residual: 1.399714e+05, Error: 8.543715e+02
Iteration 1200, Residual: 1.324666e+05, Error: 8.218979e+02
Iteration 1300, Residual: 1.256286e+05, Error: 7.910129e+02
Iteration 1400, Residual: 1.193501e+05, Error: 7.616041e+02
Iteration 1500, Residual: 1.135499e+05, Error: 7.335730e+02
Iteration 1600, Residual: 1.081646e+05, Error: 7.068317e+02
Iteration 1700, Residual: 1.031438e+05, Error: 6.813014e+02
Iteration 1800, Residual: 9.844687e+04, Error: 6.569104e+02
Iteration 1900, Residual: 9.404012e+04, Error: 6.335939e+02
Iteration 2000, Residual: 8.989546e+04, Error: 6.112919e+02
Iteration 2100, Residual: 8.598911e+04, Error: 5.899496e+02
Iteration 2200, Residual: 8.230067e+04, Error: 5.695161e+02
Iteration 2300, Residual: 7.881249e+04, Error: 5.499440e+02
Iteration 2400, Residual: 7.550913e+04, Error: 5.311896e+02
Iteration 2500, Residual: 7.237700e+04, Error: 5.132116e+02
Iteration 2600, Residual: 6.940401e+04, Error: 4.959717e+02
Iteration 2700, Residual: 6.657938e+04, Error: 4.794338e+02
Iteration 2800, Residual: 6.389339e+04, Error: 4.635640e+02
Iteration 2900, Residual: 6.133726e+04, Error: 4.483306e+02
Iteration 3000, Residual: 5.890302e+04, Error: 4.337033e+02
Iteration 3100, Residual: 5.658338e+04, Error: 4.196539e+02
Iteration 3200, Residual: 5.437168e+04, Error: 4.061556e+02
Iteration 3300, Residual: 5.226177e+04, Error: 3.931831e+02
Iteration 3400, Residual: 5.024799e+04, Error: 3.807122e+02
Iteration 3500, Residual: 4.832510e+04, Error: 3.687205e+02
Iteration 3600, Residual: 4.648824e+04, Error: 3.571862e+02
Iteration 3700, Residual: 4.473287e+04, Error: 3.460889e+02
Iteration 3800, Residual: 4.305478e+04, Error: 3.354093e+02
Iteration 3900, Residual: 4.145001e+04, Error: 3.251288e+02
Iteration 4000, Residual: 3.991489e+04, Error: 3.152300e+02
Iteration 4100, Residual: 3.844594e+04, Error: 3.056962e+02
Iteration 4200, Residual: 3.703991e+04, Error: 2.965115e+02
Iteration 4300, Residual: 3.569374e+04, Error: 2.876609e+02
Iteration 4400, Residual: 3.440455e+04, Error: 2.791301e+02
Iteration 4500, Residual: 3.316962e+04, Error: 2.709052e+02
Iteration 4600, Residual: 3.198638e+04, Error: 2.629734e+02
Iteration 4700, Residual: 3.085240e+04, Error: 2.553223e+02
Iteration 4800, Residual: 2.976540e+04, Error: 2.479400e+02
Iteration 4900, Residual: 2.872318e+04, Error: 2.408152e+02
Iteration 5000, Residual: 2.772370e+04, Error: 2.339373e+02
Iteration 5100, Residual: 2.676500e+04, Error: 2.272959e+02
Iteration 5200, Residual: 2.584523e+04, Error: 2.208814e+02
Iteration 5300, Residual: 2.496262e+04, Error: 2.146845e+02
Iteration 5400, Residual: 2.411549e+04, Error: 2.086962e+02
Iteration 5500, Residual: 2.330227e+04, Error: 2.029080e+02
Iteration 5600, Residual: 2.252144e+04, Error: 1.973120e+02
Iteration 5700, Residual: 2.177155e+04, Error: 1.919004e+02
Iteration 5800, Residual: 2.105124e+04, Error: 1.866658e+02
Iteration 5900, Residual: 2.035920e+04, Error: 1.816012e+02
Iteration 6000, Residual: 1.969418e+04, Error: 1.766999e+02
Iteration 6100, Residual: 1.905501e+04, Error: 1.719555e+02
Iteration 6200, Residual: 1.844055e+04, Error: 1.673618e+02
Iteration 6300, Residual: 1.784972e+04, Error: 1.629132e+02
Iteration 6400, Residual: 1.728150e+04, Error: 1.586038e+02
Iteration 6500, Residual: 1.673492e+04, Error: 1.544285e+02
Iteration 6600, Residual: 1.620903e+04, Error: 1.503822e+02
Iteration 6700, Residual: 1.570294e+04, Error: 1.464599e+02
Iteration 6800, Residual: 1.521581e+04, Error: 1.426571e+02
Iteration 6900, Residual: 1.474681e+04, Error: 1.389692e+02
Iteration 7000, Residual: 1.429519e+04, Error: 1.353920e+02
Iteration 7100, Residual: 1.386019e+04, Error: 1.319215e+02
Iteration 7200, Residual: 1.344112e+04, Error: 1.285538e+02
Iteration 7300, Residual: 1.303729e+04, Error: 1.252851e+02
Iteration 7400, Residual: 1.264807e+04, Error: 1.221120e+02
Iteration 7500, Residual: 1.227284e+04, Error: 1.190309e+02
Iteration 7600, Residual: 1.191102e+04, Error: 1.160387e+02
Iteration 7700, Residual: 1.156204e+04, Error: 1.131321e+02
Iteration 7800, Residual: 1.122536e+04, Error: 1.103083e+02
Iteration 7900, Residual: 1.090049e+04, Error: 1.075644e+02
Iteration 8000, Residual: 1.058693e+04, Error: 1.048976e+02
Iteration 8100, Residual: 1.028421e+04, Error: 1.023053e+02
Iteration 8200, Residual: 9.991894e+03, Error: 9.978503e+01
Iteration 8300, Residual: 9.709553e+03, Error: 9.733429e+01
Iteration 8400, Residual: 9.436782e+03, Error: 9.495081e+01
Iteration 8500, Residual: 9.173194e+03, Error: 9.263237e+01
Iteration 8600, Residual: 8.918418e+03, Error: 9.037683e+01
Iteration 8700, Residual: 8.672100e+03, Error: 8.818217e+01
Iteration 8800, Residual: 8.433904e+03, Error: 8.604640e+01
Iteration 8900, Residual: 8.203506e+03, Error: 8.396765e+01
Iteration 9000, Residual: 7.980599e+03, Error: 8.194411e+01
Iteration 9100, Residual: 7.764887e+03, Error: 7.997404e+01
Iteration 9200, Residual: 7.556089e+03, Error: 7.805578e+01
Iteration 9300, Residual: 7.353937e+03, Error: 7.618770e+01
Iteration 9400, Residual: 7.158174e+03, Error: 7.436828e+01
Iteration 9500, Residual: 6.968554e+03, Error: 7.259602e+01
Iteration 9600, Residual: 6.784842e+03, Error: 7.086949e+01
Iteration 9700, Residual: 6.606814e+03, Error: 6.918732e+01
Iteration 9800, Residual: 6.434256e+03, Error: 6.754818e+01
Iteration 9900, Residual: 6.266963e+03, Error: 6.595080e+01
Iteration 10000, Residual: 6.104739e+03, Error: 6.439395e+01
Iteration 10100, Residual: 5.947396e+03, Error: 6.287643e+01
Iteration 10200, Residual: 5.794755e+03, Error: 6.139712e+01
Iteration 10300, Residual: 5.646644e+03, Error: 5.995491e+01
Iteration 10400, Residual: 5.502899e+03, Error: 5.854874e+01
Iteration 10500, Residual: 5.363364e+03, Error: 5.717757e+01
Iteration 10600, Residual: 5.227888e+03, Error: 5.584043e+01
Iteration 10700, Residual: 5.096327e+03, Error: 5.453636e+01
Iteration 10800, Residual: 4.968544e+03, Error: 5.326443e+01
Iteration 10900, Residual: 4.844406e+03, Error: 5.202376e+01
Iteration 11000, Residual: 4.723787e+03, Error: 5.081348e+01
Iteration 11100, Residual: 4.606567e+03, Error: 4.963276e+01
Iteration 11200, Residual: 4.492629e+03, Error: 4.848079e+01
Iteration 11300, Residual: 4.381861e+03, Error: 4.735680e+01
Iteration 11400, Residual: 4.274159e+03, Error: 4.626004e+01
Iteration 11500, Residual: 4.169418e+03, Error: 4.518977e+01
Iteration 11600, Residual: 4.067542e+03, Error: 4.414530e+01
Iteration 11700, Residual: 3.968436e+03, Error: 4.312592e+01
Iteration 11800, Residual: 3.872011e+03, Error: 4.213100e+01
Iteration 11900, Residual: 3.778178e+03, Error: 4.115988e+01
Iteration 12000, Residual: 3.686856e+03, Error: 4.021194e+01
Iteration 12100, Residual: 3.597964e+03, Error: 3.928659e+01
Iteration 12200, Residual: 3.511425e+03, Error: 3.838323e+01
Iteration 12300, Residual: 3.427167e+03, Error: 3.750131e+01
Iteration 12400, Residual: 3.345117e+03, Error: 3.664027e+01
Iteration 12500, Residual: 3.265208e+03, Error: 3.579958e+01
Iteration 12600, Residual: 3.187375e+03, Error: 3.497872e+01
Iteration 12700, Residual: 3.111553e+03, Error: 3.417720e+01
Iteration 12800, Residual: 3.037683e+03, Error: 3.339452e+01
Iteration 12900, Residual: 2.965705e+03, Error: 3.263022e+01
Iteration 13000, Residual: 2.895565e+03, Error: 3.188383e+01
Iteration 13100, Residual: 2.827206e+03, Error: 3.115490e+01
Iteration 13200, Residual: 2.760578e+03, Error: 3.044301e+01
Iteration 13300, Residual: 2.695630e+03, Error: 2.974773e+01
Iteration 13400, Residual: 2.632313e+03, Error: 2.906865e+01
Iteration 13500, Residual: 2.570580e+03, Error: 2.840538e+01
Iteration 13600, Residual: 2.510387e+03, Error: 2.775753e+01
Iteration 13700, Residual: 2.451689e+03, Error: 2.712471e+01
Iteration 13800, Residual: 2.394445e+03, Error: 2.650657e+01
Iteration 13900, Residual: 2.338613e+03, Error: 2.590274e+01
Iteration 14000, Residual: 2.284155e+03, Error: 2.531289e+01
Iteration 14100, Residual: 2.231033e+03, Error: 2.473667e+01
Iteration 14200, Residual: 2.179210e+03, Error: 2.417376e+01
Iteration 14300, Residual: 2.128651e+03, Error: 2.362383e+01
Iteration 14400, Residual: 2.079320e+03, Error: 2.308657e+01
Iteration 14500, Residual: 2.031186e+03, Error: 2.256168e+01
Iteration 14600, Residual: 1.984216e+03, Error: 2.204887e+01
Iteration 14700, Residual: 1.938379e+03, Error: 2.154785e+01
Iteration 14800, Residual: 1.893644e+03, Error: 2.105833e+01
Iteration 14900, Residual: 1.849984e+03, Error: 2.058005e+01
Iteration 15000, Residual: 1.807369e+03, Error: 2.011274e+01
Iteration 15100, Residual: 1.765772e+03, Error: 1.965613e+01
Iteration 15200, Residual: 1.725167e+03, Error: 1.920998e+01
Iteration 15300, Residual: 1.685528e+03, Error: 1.877404e+01
Iteration 15400, Residual: 1.646831e+03, Error: 1.834808e+01
Iteration 15500, Residual: 1.609050e+03, Error: 1.793184e+01
Iteration 15600, Residual: 1.572163e+03, Error: 1.752512e+01
Iteration 15700, Residual: 1.536147e+03, Error: 1.712768e+01
Iteration 15800, Residual: 1.500979e+03, Error: 1.673931e+01
Iteration 15900, Residual: 1.466639e+03, Error: 1.635980e+01
Iteration 16000, Residual: 1.433106e+03, Error: 1.598894e+01
Iteration 16100, Residual: 1.400359e+03, Error: 1.562653e+01
Iteration 16200, Residual: 1.368379e+03, Error: 1.527237e+01
Iteration 16300, Residual: 1.337147e+03, Error: 1.492627e+01
Iteration 16400, Residual: 1.306643e+03, Error: 1.458805e+01
Iteration 16500, Residual: 1.276851e+03, Error: 1.425752e+01
Iteration 16600, Residual: 1.247753e+03, Error: 1.393450e+01
Iteration 16700, Residual: 1.219331e+03, Error: 1.361883e+01
Iteration 16800, Residual: 1.191570e+03, Error: 1.331032e+01
Iteration 16900, Residual: 1.164452e+03, Error: 1.300882e+01
Iteration 17000, Residual: 1.137963e+03, Error: 1.271417e+01
Iteration 17100, Residual: 1.112087e+03, Error: 1.242620e+01
Iteration 17200, Residual: 1.086810e+03, Error: 1.214477e+01
Iteration 17300, Residual: 1.062116e+03, Error: 1.186972e+01
Iteration 17400, Residual: 1.037992e+03, Error: 1.160090e+01
Iteration 17500, Residual: 1.014424e+03, Error: 1.133818e+01
Iteration 17600, Residual: 9.913990e+02, Error: 1.108141e+01
Iteration 17700, Residual: 9.689039e+02, Error: 1.083046e+01
Iteration 17800, Residual: 9.469260e+02, Error: 1.058519e+01
Iteration 17900, Residual: 9.254531e+02, Error: 1.034548e+01
Iteration 18000, Residual: 9.044730e+02, Error: 1.011119e+01
Iteration 18100, Residual: 8.839743e+02, Error: 9.882208e+00
Iteration 18200, Residual: 8.639454e+02, Error: 9.658405e+00
Iteration 18300, Residual: 8.443753e+02, Error: 9.439666e+00
Iteration 18400, Residual: 8.252532e+02, Error: 9.225875e+00
Iteration 18500, Residual: 8.065685e+02, Error: 9.016919e+00
Iteration 18600, Residual: 7.883110e+02, Error: 8.812688e+00
Iteration 18700, Residual: 7.704706e+02, Error: 8.613074e+00
Iteration 18800, Residual: 7.530376e+02, Error: 8.417972e+00
Iteration 18900, Residual: 7.360025e+02, Error: 8.227280e+00
Iteration 19000, Residual: 7.193559e+02, Error: 8.040896e+00
Iteration 19100, Residual: 7.030889e+02, Error: 7.858724e+00
Iteration 19200, Residual: 6.871925e+02, Error: 7.680667e+00
Iteration 19300, Residual: 6.716582e+02, Error: 7.506632e+00
Iteration 19400, Residual: 6.564775e+02, Error: 7.336527e+00
Iteration 19500, Residual: 6.416423e+02, Error: 7.170264e+00
Iteration 19600, Residual: 6.271446e+02, Error: 7.007755e+00
Iteration 19700, Residual: 6.129764e+02, Error: 6.848914e+00
Iteration 19800, Residual: 5.991303e+02, Error: 6.693660e+00
Iteration 19900, Residual: 5.855988e+02, Error: 6.541909e+00
Iteration 20000, Residual: 5.723746e+02, Error: 6.393584e+00
Iteration 20100, Residual: 5.594506e+02, Error: 6.248605e+00
Iteration 20200, Residual: 5.468200e+02, Error: 6.106899e+00
Iteration 20300, Residual: 5.344759e+02, Error: 5.968389e+00
Iteration 20400, Residual: 5.224118e+02, Error: 5.833005e+00
Iteration 20500, Residual: 5.106213e+02, Error: 5.700674e+00
Iteration 20600, Residual: 4.990980e+02, Error: 5.571329e+00
Iteration 20700, Residual: 4.878359e+02, Error: 5.444901e+00
Iteration 20800, Residual: 4.768289e+02, Error: 5.321325e+00
Iteration 20900, Residual: 4.660713e+02, Error: 5.200535e+00
Iteration 21000, Residual: 4.555572e+02, Error: 5.082470e+00
Iteration 21100, Residual: 4.452813e+02, Error: 4.967067e+00
Iteration 21200, Residual: 4.352379e+02, Error: 4.854265e+00
Iteration 21300, Residual: 4.254217e+02, Error: 4.744008e+00
Iteration 21400, Residual: 4.158277e+02, Error: 4.636236e+00
Iteration 21500, Residual: 4.064507e+02, Error: 4.530894e+00
Iteration 21600, Residual: 3.972858e+02, Error: 4.427926e+00
Iteration 21700, Residual: 3.883281e+02, Error: 4.327280e+00
Iteration 21800, Residual: 3.795730e+02, Error: 4.228902e+00
Iteration 21900, Residual: 3.710157e+02, Error: 4.132742e+00
Iteration 22000, Residual: 3.626519e+02, Error: 4.038749e+00
Iteration 22100, Residual: 3.544770e+02, Error: 3.946875e+00
Iteration 22200, Residual: 3.464869e+02, Error: 3.857071e+00
Iteration 22300, Residual: 3.386772e+02, Error: 3.769291e+00
Iteration 22400, Residual: 3.310440e+02, Error: 3.683490e+00
Iteration 22500, Residual: 3.235831e+02, Error: 3.599621e+00
Iteration 22600, Residual: 3.162907e+02, Error: 3.517643e+00
Iteration 22700, Residual: 3.091630e+02, Error: 3.437512e+00
Iteration 22800, Residual: 3.021962e+02, Error: 3.359187e+00
Iteration 22900, Residual: 2.953867e+02, Error: 3.282627e+00
Iteration 23000, Residual: 2.887309e+02, Error: 3.207792e+00
Iteration 23100, Residual: 2.822252e+02, Error: 3.134642e+00
Iteration 23200, Residual: 2.758664e+02, Error: 3.063141e+00
Iteration 23300, Residual: 2.696511e+02, Error: 2.993251e+00
Iteration 23400, Residual: 2.635760e+02, Error: 2.924936e+00
Iteration 23500, Residual: 2.576380e+02, Error: 2.858160e+00
Iteration 23600, Residual: 2.518339e+02, Error: 2.792888e+00
Iteration 23700, Residual: 2.461607e+02, Error: 2.729087e+00
Iteration 23800, Residual: 2.406155e+02, Error: 2.666723e+00
Iteration 23900, Residual: 2.351953e+02, Error: 2.605764e+00
Iteration 24000, Residual: 2.298974e+02, Error: 2.546178e+00
Iteration 24100, Residual: 2.247190e+02, Error: 2.487935e+00
Iteration 24200, Residual: 2.196573e+02, Error: 2.431004e+00
Iteration 24300, Residual: 2.147097e+02, Error: 2.375356e+00
Iteration 24400, Residual: 2.098737e+02, Error: 2.320961e+00
Iteration 24500, Residual: 2.051467e+02, Error: 2.267791e+00
Iteration 24600, Residual: 2.005263e+02, Error: 2.215820e+00
Iteration 24700, Residual: 1.960100e+02, Error: 2.165019e+00
Iteration 24800, Residual: 1.915955e+02, Error: 2.115362e+00
Iteration 24900, Residual: 1.872805e+02, Error: 2.066825e+00
Iteration 25000, Residual: 1.830628e+02, Error: 2.019380e+00
Iteration 25100, Residual: 1.789401e+02, Error: 1.973005e+00
Iteration 25200, Residual: 1.749104e+02, Error: 1.927674e+00
Iteration 25300, Residual: 1.709714e+02, Error: 1.883365e+00
Iteration 25400, Residual: 1.671212e+02, Error: 1.840054e+00
Iteration 25500, Residual: 1.633578e+02, Error: 1.797718e+00
Iteration 25600, Residual: 1.596791e+02, Error: 1.756337e+00
Iteration 25700, Residual: 1.560834e+02, Error: 1.715887e+00
Iteration 25800, Residual: 1.525687e+02, Error: 1.676349e+00
Iteration 25900, Residual: 1.491331e+02, Error: 1.637702e+00
Iteration 26000, Residual: 1.457750e+02, Error: 1.599925e+00
Iteration 26100, Residual: 1.424925e+02, Error: 1.563000e+00
Iteration 26200, Residual: 1.392839e+02, Error: 1.526907e+00
Iteration 26300, Residual: 1.361476e+02, Error: 1.491627e+00
Iteration 26400, Residual: 1.330820e+02, Error: 1.457142e+00
Iteration 26500, Residual: 1.300855e+02, Error: 1.423434e+00
Iteration 26600, Residual: 1.271564e+02, Error: 1.390485e+00
Iteration 26700, Residual: 1.242933e+02, Error: 1.358279e+00
Iteration 26800, Residual: 1.214947e+02, Error: 1.326799e+00
Iteration 26900, Residual: 1.187592e+02, Error: 1.296028e+00
Iteration 27000, Residual: 1.160852e+02, Error: 1.265951e+00
Iteration 27100, Residual: 1.134715e+02, Error: 1.236552e+00
Iteration 27200, Residual: 1.109166e+02, Error: 1.207815e+00
Iteration 27300, Residual: 1.084193e+02, Error: 1.179726e+00
Iteration 27400, Residual: 1.059783e+02, Error: 1.152271e+00
Iteration 27500, Residual: 1.035922e+02, Error: 1.125434e+00
Iteration 27600, Residual: 1.012598e+02, Error: 1.099202e+00
Iteration 27700, Residual: 9.897996e+01, Error: 1.073562e+00
Iteration 27800, Residual: 9.675147e+01, Error: 1.048499e+00
Iteration 27900, Residual: 9.457317e+01, Error: 1.024002e+00
Iteration 28000, Residual: 9.244392e+01, Error: 1.000057e+00
Iteration 28100, Residual: 9.036262e+01, Error: 9.766525e-01
Iteration 28200, Residual: 8.832818e+01, Error: 9.537756e-01
Iteration 28300, Residual: 8.633956e+01, Error: 9.314147e-01
Iteration 28400, Residual: 8.439572e+01, Error: 9.095582e-01
Iteration 28500, Residual: 8.249565e+01, Error: 8.881948e-01
Iteration 28600, Residual: 8.063837e+01, Error: 8.673133e-01
Iteration 28700, Residual: 7.882290e+01, Error: 8.469030e-01
Iteration 28800, Residual: 7.704832e+01, Error: 8.269533e-01
Iteration 28900, Residual: 7.531369e+01, Error: 8.074539e-01
Iteration 29000, Residual: 7.361813e+01, Error: 7.883946e-01
Iteration 29100, Residual: 7.196074e+01, Error: 7.697655e-01
Iteration 29200, Residual: 7.034067e+01, Error: 7.515570e-01
Iteration 29300, Residual: 6.875708e+01, Error: 7.337597e-01
Iteration 29400, Residual: 6.720914e+01, Error: 7.163644e-01
Iteration 29500, Residual: 6.569606e+01, Error: 6.993619e-01
Iteration 29600, Residual: 6.421704e+01, Error: 6.827436e-01
Iteration 29700, Residual: 6.277133e+01, Error: 6.665007e-01
Iteration 29800, Residual: 6.135816e+01, Error: 6.506249e-01
Iteration 29900, Residual: 5.997682e+01, Error: 6.351080e-01
Iteration 30000, Residual: 5.862657e+01, Error: 6.199419e-01
Iteration 30100, Residual: 5.730673e+01, Error: 6.051187e-01
Iteration 30200, Residual: 5.601660e+01, Error: 5.906308e-01
Iteration 30300, Residual: 5.475552e+01, Error: 5.764707e-01
Iteration 30400, Residual: 5.352283e+01, Error: 5.626310e-01
Iteration 30500, Residual: 5.231790e+01, Error: 5.491046e-01
Iteration 30600, Residual: 5.114009e+01, Error: 5.358844e-01
Iteration 30700, Residual: 4.998880e+01, Error: 5.229636e-01
Iteration 30800, Residual: 4.886343e+01, Error: 5.103356e-01
Iteration 30900, Residual: 4.776340e+01, Error: 4.979937e-01
Iteration 31000, Residual: 4.668813e+01, Error: 4.859316e-01
Iteration 31100, Residual: 4.563707e+01, Error: 4.741431e-01
Iteration 31200, Residual: 4.460968e+01, Error: 4.626220e-01
Iteration 31300, Residual: 4.360541e+01, Error: 4.513624e-01
Iteration 31400, Residual: 4.262375e+01, Error: 4.403585e-01
Iteration 31500, Residual: 4.166420e+01, Error: 4.296045e-01
Iteration 31600, Residual: 4.072625e+01, Error: 4.190949e-01
Iteration 31700, Residual: 3.980941e+01, Error: 4.088243e-01
Iteration 31800, Residual: 3.891322e+01, Error: 3.987873e-01
Iteration 31900, Residual: 3.803720e+01, Error: 3.889788e-01
Iteration 32000, Residual: 3.718090e+01, Error: 3.793937e-01
Iteration 32100, Residual: 3.634388e+01, Error: 3.700271e-01
Iteration 32200, Residual: 3.552571e+01, Error: 3.608741e-01
Iteration 32300, Residual: 3.472595e+01, Error: 3.519299e-01
Iteration 32400, Residual: 3.394420e+01, Error: 3.431900e-01
Iteration 32500, Residual: 3.318005e+01, Error: 3.346499e-01
Iteration 32600, Residual: 3.243310e+01, Error: 3.263051e-01
Iteration 32700, Residual: 3.170297e+01, Error: 3.181513e-01
Iteration 32800, Residual: 3.098927e+01, Error: 3.101844e-01
Iteration 32900, Residual: 3.029165e+01, Error: 3.024002e-01
Iteration 33000, Residual: 2.960972e+01, Error: 2.947948e-01
Iteration 33100, Residual: 2.894315e+01, Error: 2.873641e-01
Iteration 33200, Residual: 2.829159e+01, Error: 2.801045e-01
Iteration 33300, Residual: 2.765469e+01, Error: 2.730121e-01
Iteration 33400, Residual: 2.703213e+01, Error: 2.660834e-01
Iteration 33500, Residual: 2.642359e+01, Error: 2.593147e-01
Iteration 33600, Residual: 2.582875e+01, Error: 2.527026e-01
Iteration 33700, Residual: 2.524729e+01, Error: 2.462436e-01
Iteration 33800, Residual: 2.467893e+01, Error: 2.399346e-01
Iteration 33900, Residual: 2.412337e+01, Error: 2.337723e-01
Iteration 34000, Residual: 2.358031e+01, Error: 2.277534e-01
Iteration 34100, Residual: 2.304947e+01, Error: 2.218750e-01
Iteration 34200, Residual: 2.253059e+01, Error: 2.161341e-01
Iteration 34300, Residual: 2.202338e+01, Error: 2.105277e-01
Iteration 34400, Residual: 2.152760e+01, Error: 2.050529e-01
Iteration 34500, Residual: 2.104298e+01, Error: 1.997071e-01
Iteration 34600, Residual: 2.056926e+01, Error: 1.944874e-01
Iteration 34700, Residual: 2.010621e+01, Error: 1.893914e-01
Iteration 34800, Residual: 1.965359e+01, Error: 1.844162e-01
Iteration 34900, Residual: 1.921115e+01, Error: 1.795596e-01
Iteration 35000, Residual: 1.877868e+01, Error: 1.748190e-01
Iteration 35100, Residual: 1.835594e+01, Error: 1.701920e-01
Iteration 35200, Residual: 1.794271e+01, Error: 1.656765e-01
Iteration 35300, Residual: 1.753879e+01, Error: 1.612700e-01
Iteration 35400, Residual: 1.714396e+01, Error: 1.569704e-01
Iteration 35500, Residual: 1.675802e+01, Error: 1.527756e-01
Iteration 35600, Residual: 1.638077e+01, Error: 1.486835e-01
Iteration 35700, Residual: 1.601202e+01, Error: 1.446921e-01
Iteration 35800, Residual: 1.565156e+01, Error: 1.407994e-01
Iteration 35900, Residual: 1.529922e+01, Error: 1.370037e-01
Iteration 36000, Residual: 1.495481e+01, Error: 1.333029e-01
Iteration 36100, Residual: 1.461815e+01, Error: 1.296954e-01
Iteration 36200, Residual: 1.428907e+01, Error: 1.261794e-01
Iteration 36300, Residual: 1.396740e+01, Error: 1.227532e-01
Iteration 36400, Residual: 1.365297e+01, Error: 1.194152e-01
Iteration 36500, Residual: 1.334562e+01, Error: 1.161639e-01
Iteration 36600, Residual: 1.304519e+01, Error: 1.129978e-01
Iteration 36700, Residual: 1.275152e+01, Error: 1.099153e-01
Iteration 36800, Residual: 1.246446e+01, Error: 1.069151e-01
Iteration 36900, Residual: 1.218387e+01, Error: 1.039958e-01
Iteration 37000, Residual: 1.190959e+01, Error: 1.011560e-01
Iteration 37100, Residual: 1.164149e+01, Error: 9.839464e-02
Iteration 37200, Residual: 1.137942e+01, Error: 9.571038e-02
Iteration 37300, Residual: 1.112325e+01, Error: 9.310206e-02
Iteration 37400, Residual: 1.087285e+01, Error: 9.056859e-02
Iteration 37500, Residual: 1.062808e+01, Error: 8.810887e-02
Iteration 37600, Residual: 1.038883e+01, Error: 8.572189e-02
Iteration 37700, Residual: 1.015496e+01, Error: 8.340666e-02
Iteration 37800, Residual: 9.926352e+00, Error: 8.116223e-02
Iteration 37900, Residual: 9.702894e+00, Error: 7.898769e-02
Iteration 38000, Residual: 9.484467e+00, Error: 7.688220e-02
Iteration 38100, Residual: 9.270956e+00, Error: 7.484491e-02
Iteration 38200, Residual: 9.062253e+00, Error: 7.287504e-02
Iteration 38300, Residual: 8.858247e+00, Error: 7.097181e-02
Iteration 38400, Residual: 8.658834e+00, Error: 6.913451e-02
Iteration 38500, Residual: 8.463910e+00, Error: 6.736241e-02
Iteration 38600, Residual: 8.273374e+00, Error: 6.565484e-02
Iteration 38700, Residual: 8.087127e+00, Error: 6.401114e-02
Iteration 38800, Residual: 7.905073e+00, Error: 6.243065e-02
Iteration 38900, Residual: 7.727118e+00, Error: 6.091273e-02
Iteration 39000, Residual: 7.553168e+00, Error: 5.945675e-02
Iteration 39100, Residual: 7.383134e+00, Error: 5.806208e-02
Iteration 39200, Residual: 7.216929e+00, Error: 5.672807e-02
Iteration 39300, Residual: 7.054464e+00, Error: 5.545408e-02
Iteration 39400, Residual: 6.895657e+00, Error: 5.423944e-02
Iteration 39500, Residual: 6.740425e+00, Error: 5.308346e-02
Iteration 39600, Residual: 6.588688e+00, Error: 5.198542e-02
Iteration 39700, Residual: 6.440366e+00, Error: 5.094458e-02
Iteration 39800, Residual: 6.295383e+00, Error: 4.996013e-02
Iteration 39900, Residual: 6.153664e+00, Error: 4.903124e-02
Iteration 40000, Residual: 6.015136e+00, Error: 4.815703e-02
Iteration 40100, Residual: 5.879726e+00, Error: 4.733654e-02
Iteration 40200, Residual: 5.747364e+00, Error: 4.656876e-02
Iteration 40300, Residual: 5.617982e+00, Error: 4.585265e-02
Iteration 40400, Residual: 5.491512e+00, Error: 4.518705e-02
Iteration 40500, Residual: 5.367890e+00, Error: 4.457079e-02
Iteration 40600, Residual: 5.247050e+00, Error: 4.400259e-02
Iteration 40700, Residual: 5.128931e+00, Error: 4.348114e-02
Iteration 40800, Residual: 5.013471e+00, Error: 4.300505e-02
Iteration 40900, Residual: 4.900610e+00, Error: 4.257288e-02
Iteration 41000, Residual: 4.790290e+00, Error: 4.218315e-02
Iteration 41100, Residual: 4.682453e+00, Error: 4.183432e-02
Iteration 41200, Residual: 4.577043e+00, Error: 4.152480e-02
Iteration 41300, Residual: 4.474007e+00, Error: 4.125300e-02
Iteration 41400, Residual: 4.373290e+00, Error: 4.101728e-02
Iteration 41500, Residual: 4.274841e+00, Error: 4.081599e-02
Iteration 41600, Residual: 4.178607e+00, Error: 4.064747e-02
Iteration 41700, Residual: 4.084541e+00, Error: 4.051006e-02
Iteration 41800, Residual: 3.992591e+00, Error: 4.040212e-02
Iteration 41900, Residual: 3.902712e+00, Error: 4.032201e-02
Iteration 42000, Residual: 3.814856e+00, Error: 4.026812e-02
Iteration 42100, Residual: 3.728977e+00, Error: 4.023887e-02
Iteration 42200, Residual: 3.645032e+00, Error: 4.023270e-02
Iteration 42300, Residual: 3.562977e+00, Error: 4.024811e-02
Iteration 42400, Residual: 3.482769e+00, Error: 4.028364e-02
Iteration 42500, Residual: 3.404366e+00, Error: 4.033787e-02
Iteration 42600, Residual: 3.327729e+00, Error: 4.040944e-02
Iteration 42700, Residual: 3.252817e+00, Error: 4.049704e-02
Iteration 42800, Residual: 3.179591e+00, Error: 4.059941e-02
Iteration 42900, Residual: 3.108013e+00, Error: 4.071535e-02
Iteration 43000, Residual: 3.038047e+00, Error: 4.084372e-02
Iteration 43100, Residual: 2.969656e+00, Error: 4.098344e-02
Iteration 43200, Residual: 2.902804e+00, Error: 4.113349e-02
Iteration 43300, Residual: 2.837458e+00, Error: 4.129288e-02
Iteration 43400, Residual: 2.773582e+00, Error: 4.146070e-02
Iteration 43500, Residual: 2.711145e+00, Error: 4.163609e-02
Iteration 43600, Residual: 2.650113e+00, Error: 4.181824e-02
Iteration 43700, Residual: 2.590454e+00, Error: 4.200638e-02
Iteration 43800, Residual: 2.532139e+00, Error: 4.219980e-02
Iteration 43900, Residual: 2.475137e+00, Error: 4.239783e-02
Iteration 44000, Residual: 2.419418e+00, Error: 4.259986e-02
Iteration 44100, Residual: 2.364953e+00, Error: 4.280529e-02
Iteration 44200, Residual: 2.311714e+00, Error: 4.301360e-02
Iteration 44300, Residual: 2.259674e+00, Error: 4.322428e-02
Iteration 44400, Residual: 2.208805e+00, Error: 4.343686e-02
Iteration 44500, Residual: 2.159082e+00, Error: 4.365091e-02
Iteration 44600, Residual: 2.110477e+00, Error: 4.386604e-02
Iteration 44700, Residual: 2.062967e+00, Error: 4.408187e-02
Iteration 44800, Residual: 2.016527e+00, Error: 4.429806e-02
Iteration 44900, Residual: 1.971132e+00, Error: 4.451431e-02
Iteration 45000, Residual: 1.926758e+00, Error: 4.473031e-02
Iteration 45100, Residual: 1.883384e+00, Error: 4.494582e-02
Iteration 45200, Residual: 1.840986e+00, Error: 4.516058e-02
Iteration 45300, Residual: 1.799543e+00, Error: 4.537437e-02
Iteration 45400, Residual: 1.759032e+00, Error: 4.558699e-02
Iteration 45500, Residual: 1.719434e+00, Error: 4.579826e-02
Iteration 45600, Residual: 1.680727e+00, Error: 4.600801e-02
Iteration 45700, Residual: 1.642891e+00, Error: 4.621609e-02
Iteration 45800, Residual: 1.605907e+00, Error: 4.642236e-02
Iteration 45900, Residual: 1.569755e+00, Error: 4.662669e-02
Iteration 46000, Residual: 1.534418e+00, Error: 4.682898e-02
Iteration 46100, Residual: 1.499876e+00, Error: 4.702912e-02
Iteration 46200, Residual: 1.466111e+00, Error: 4.722703e-02
Iteration 46300, Residual: 1.433107e+00, Error: 4.742264e-02
Iteration 46400, Residual: 1.400845e+00, Error: 4.761586e-02
Iteration 46500, Residual: 1.369310e+00, Error: 4.780664e-02
Iteration 46600, Residual: 1.338485e+00, Error: 4.799494e-02
Iteration 46700, Residual: 1.308354e+00, Error: 4.818069e-02
Iteration 46800, Residual: 1.278901e+00, Error: 4.836388e-02
Iteration 46900, Residual: 1.250111e+00, Error: 4.854446e-02
Iteration 47000, Residual: 1.221969e+00, Error: 4.872241e-02
Iteration 47100, Residual: 1.194460e+00, Error: 4.889771e-02
Iteration 47200, Residual: 1.167571e+00, Error: 4.907035e-02
Iteration 47300, Residual: 1.141287e+00, Error: 4.924031e-02
Iteration 47400, Residual: 1.115595e+00, Error: 4.940760e-02
Iteration 47500, Residual: 1.090481e+00, Error: 4.957220e-02
Iteration 47600, Residual: 1.065933e+00, Error: 4.973412e-02
Iteration 47700, Residual: 1.041937e+00, Error: 4.989337e-02
Iteration 47800, Residual: 1.018482e+00, Error: 5.004996e-02
Iteration 47900, Residual: 9.955540e-01, Error: 5.020389e-02
Iteration 48000, Residual: 9.731425e-01, Error: 5.035517e-02
Iteration 48100, Residual: 9.512356e-01, Error: 5.050383e-02
Iteration 48200, Residual: 9.298218e-01, Error: 5.064988e-02
Iteration 48300, Residual: 9.088901e-01, Error: 5.079335e-02
Iteration 48400, Residual: 8.884296e-01, Error: 5.093424e-02
Iteration 48500, Residual: 8.684297e-01, Error: 5.107260e-02
Iteration 48600, Residual: 8.488800e-01, Error: 5.120843e-02
Iteration 48700, Residual: 8.297704e-01, Error: 5.134177e-02
Iteration 48800, Residual: 8.110910e-01, Error: 5.147264e-02
Iteration 48900, Residual: 7.928321e-01, Error: 5.160107e-02
Iteration 49000, Residual: 7.749842e-01, Error: 5.172710e-02
Iteration 49100, Residual: 7.575381e-01, Error: 5.185074e-02
Iteration 49200, Residual: 7.404848e-01, Error: 5.197203e-02
Iteration 49300, Residual: 7.238153e-01, Error: 5.209100e-02
Iteration 49400, Residual: 7.075211e-01, Error: 5.220768e-02
Iteration 49500, Residual: 6.915937e-01, Error: 5.232211e-02
Iteration 49600, Residual: 6.760249e-01, Error: 5.243431e-02
Iteration 49700, Residual: 6.608065e-01, Error: 5.254432e-02
Iteration 49800, Residual: 6.459308e-01, Error: 5.265217e-02
Iteration 49900, Residual: 6.313899e-01, Error: 5.275789e-02
Iteration 50000, Residual: 6.171763e-01, Error: 5.286151e-02
Iteration 50100, Residual: 6.032827e-01, Error: 5.296308e-02
Iteration 50200, Residual: 5.897019e-01, Error: 5.306261e-02
Iteration 50300, Residual: 5.764268e-01, Error: 5.316015e-02
Iteration 50400, Residual: 5.634506e-01, Error: 5.325573e-02
Iteration 50500, Residual: 5.507664e-01, Error: 5.334937e-02
Iteration 50600, Residual: 5.383678e-01, Error: 5.344112e-02
Iteration 50700, Residual: 5.262483e-01, Error: 5.353100e-02
Iteration 50800, Residual: 5.144017e-01, Error: 5.361905e-02
Iteration 50900, Residual: 5.028217e-01, Error: 5.370529e-02
Iteration 51000, Residual: 4.915024e-01, Error: 5.378977e-02
Iteration 51100, Residual: 4.804379e-01, Error: 5.387250e-02
Iteration 51200, Residual: 4.696225e-01, Error: 5.395353e-02
Iteration 51300, Residual: 4.590506e-01, Error: 5.403289e-02
Iteration 51400, Residual: 4.487167e-01, Error: 5.411060e-02
Iteration 51500, Residual: 4.386154e-01, Error: 5.418669e-02
Iteration 51600, Residual: 4.287415e-01, Error: 5.426119e-02
Iteration 51700, Residual: 4.190898e-01, Error: 5.433414e-02
Iteration 51800, Residual: 4.096555e-01, Error: 5.440556e-02
Iteration 51900, Residual: 4.004335e-01, Error: 5.447549e-02
Iteration 52000, Residual: 3.914191e-01, Error: 5.454394e-02
Final Iteration 52016, Residual: 3.899958e-01, Error: 5.455476e-02
Total Time: 46.288174 s
Total Bandwidth: 1473.187561 GB/s
Total GFLOPS: 349.882046 GFLOPS
All Steps completed.
