mpicxx -O3 -DUSE_HIP -w src/task1_shared.cu -o build/task1
mpicxx -O3 -DUSE_HIP -w src/task2.cu -o build/task2
Running task1...
Iteration 100, Residual: 1.612945e+06, Error: 2.524606e+03
Iteration 200, Residual: 1.018461e+06, Error: 2.453359e+03
Iteration 300, Residual: 7.944348e+05, Error: 2.392075e+03
Iteration 400, Residual: 6.733852e+05, Error: 2.336372e+03
Iteration 500, Residual: 5.960606e+05, Error: 2.284517e+03
Iteration 600, Residual: 5.415091e+05, Error: 2.235602e+03
Iteration 700, Residual: 5.003825e+05, Error: 2.189076e+03
Iteration 800, Residual: 4.678664e+05, Error: 2.144569e+03
Iteration 900, Residual: 4.412239e+05, Error: 2.101819e+03
Iteration 1000, Residual: 4.187821e+05, Error: 2.060628e+03
Iteration 1100, Residual: 3.994596e+05, Error: 2.020843e+03
Iteration 1200, Residual: 3.825257e+05, Error: 1.982342e+03
Iteration 1300, Residual: 3.674682e+05, Error: 1.945024e+03
Iteration 1400, Residual: 3.539171e+05, Error: 1.908806e+03
Iteration 1500, Residual: 3.415982e+05, Error: 1.873617e+03
Iteration 1600, Residual: 3.303036e+05, Error: 1.839394e+03
Iteration 1700, Residual: 3.198728e+05, Error: 1.806084e+03
Iteration 1800, Residual: 3.101795e+05, Error: 1.773639e+03
Iteration 1900, Residual: 3.011231e+05, Error: 1.742017e+03
Iteration 2000, Residual: 2.926221e+05, Error: 1.711180e+03
Iteration 2100, Residual: 2.846100e+05, Error: 1.681094e+03
Iteration 2200, Residual: 2.770315e+05, Error: 1.651726e+03
Iteration 2300, Residual: 2.698408e+05, Error: 1.623049e+03
Iteration 2400, Residual: 2.629987e+05, Error: 1.595036e+03
Iteration 2500, Residual: 2.564724e+05, Error: 1.567663e+03
Iteration 2600, Residual: 2.502335e+05, Error: 1.540906e+03
Iteration 2700, Residual: 2.442574e+05, Error: 1.514744e+03
Iteration 2800, Residual: 2.385231e+05, Error: 1.489157e+03
Iteration 2900, Residual: 2.330117e+05, Error: 1.464128e+03
Iteration 3000, Residual: 2.277071e+05, Error: 1.439637e+03
Iteration 3100, Residual: 2.225948e+05, Error: 1.415669e+03
Iteration 3200, Residual: 2.176618e+05, Error: 1.392207e+03
Iteration 3300, Residual: 2.128967e+05, Error: 1.369238e+03
Iteration 3400, Residual: 2.082892e+05, Error: 1.346746e+03
Iteration 3500, Residual: 2.038301e+05, Error: 1.324718e+03
Iteration 3600, Residual: 1.995109e+05, Error: 1.303141e+03
Iteration 3700, Residual: 1.953240e+05, Error: 1.282003e+03
Iteration 3800, Residual: 1.912625e+05, Error: 1.261292e+03
Iteration 3900, Residual: 1.873201e+05, Error: 1.240997e+03
Iteration 4000, Residual: 1.834908e+05, Error: 1.221107e+03
Iteration 4100, Residual: 1.797695e+05, Error: 1.201611e+03
Iteration 4200, Residual: 1.761510e+05, Error: 1.182500e+03
Iteration 4300, Residual: 1.726310e+05, Error: 1.163764e+03
Iteration 4400, Residual: 1.692050e+05, Error: 1.145393e+03
Iteration 4500, Residual: 1.658693e+05, Error: 1.127379e+03
Iteration 4600, Residual: 1.626201e+05, Error: 1.109713e+03
Iteration 4700, Residual: 1.594540e+05, Error: 1.092386e+03
Iteration 4800, Residual: 1.563678e+05, Error: 1.075391e+03
Iteration 4900, Residual: 1.533584e+05, Error: 1.058720e+03
Iteration 5000, Residual: 1.504232e+05, Error: 1.042365e+03
Iteration 5100, Residual: 1.475594e+05, Error: 1.026318e+03
Iteration 5200, Residual: 1.447644e+05, Error: 1.010574e+03
Iteration 5300, Residual: 1.420361e+05, Error: 9.951240e+02
Iteration 5400, Residual: 1.393720e+05, Error: 9.799623e+02
Iteration 5500, Residual: 1.367701e+05, Error: 9.650822e+02
Iteration 5600, Residual: 1.342284e+05, Error: 9.504776e+02
Iteration 5700, Residual: 1.317449e+05, Error: 9.361421e+02
Iteration 5800, Residual: 1.293179e+05, Error: 9.220700e+02
Iteration 5900, Residual: 1.269456e+05, Error: 9.082554e+02
Iteration 6000, Residual: 1.246264e+05, Error: 8.946928e+02
Iteration 6100, Residual: 1.223587e+05, Error: 8.813765e+02
Iteration 6200, Residual: 1.201410e+05, Error: 8.683014e+02
Iteration 6300, Residual: 1.179718e+05, Error: 8.554622e+02
Iteration 6400, Residual: 1.158498e+05, Error: 8.428539e+02
Iteration 6500, Residual: 1.137736e+05, Error: 8.304716e+02
Iteration 6600, Residual: 1.117421e+05, Error: 8.183104e+02
Iteration 6700, Residual: 1.097539e+05, Error: 8.063658e+02
Iteration 6800, Residual: 1.078079e+05, Error: 7.946332e+02
Iteration 6900, Residual: 1.059030e+05, Error: 7.831081e+02
Iteration 7000, Residual: 1.040381e+05, Error: 7.717862e+02
Iteration 7100, Residual: 1.022121e+05, Error: 7.606633e+02
Iteration 7200, Residual: 1.004241e+05, Error: 7.497353e+02
Iteration 7300, Residual: 9.867308e+04, Error: 7.389981e+02
Iteration 7400, Residual: 9.695811e+04, Error: 7.284479e+02
Iteration 7500, Residual: 9.527830e+04, Error: 7.180807e+02
Iteration 7600, Residual: 9.363277e+04, Error: 7.078930e+02
Iteration 7700, Residual: 9.202067e+04, Error: 6.978810e+02
Iteration 7800, Residual: 9.044120e+04, Error: 6.880411e+02
Iteration 7900, Residual: 8.889357e+04, Error: 6.783699e+02
Iteration 8000, Residual: 8.737700e+04, Error: 6.688640e+02
Iteration 8100, Residual: 8.589078e+04, Error: 6.595201e+02
Iteration 8200, Residual: 8.443417e+04, Error: 6.503349e+02
Iteration 8300, Residual: 8.300649e+04, Error: 6.413052e+02
Iteration 8400, Residual: 8.160706e+04, Error: 6.324280e+02
Iteration 8500, Residual: 8.023523e+04, Error: 6.237002e+02
Iteration 8600, Residual: 7.889036e+04, Error: 6.151189e+02
Iteration 8700, Residual: 7.757184e+04, Error: 6.066811e+02
Iteration 8800, Residual: 7.627908e+04, Error: 5.983840e+02
Iteration 8900, Residual: 7.501149e+04, Error: 5.902249e+02
Iteration 9000, Residual: 7.376850e+04, Error: 5.822010e+02
Iteration 9100, Residual: 7.254957e+04, Error: 5.743098e+02
Iteration 9200, Residual: 7.135417e+04, Error: 5.665486e+02
Iteration 9300, Residual: 7.018177e+04, Error: 5.589148e+02
Iteration 9400, Residual: 6.903186e+04, Error: 5.514061e+02
Iteration 9500, Residual: 6.790397e+04, Error: 5.440200e+02
Iteration 9600, Residual: 6.679760e+04, Error: 5.367540e+02
Iteration 9700, Residual: 6.571229e+04, Error: 5.296060e+02
Iteration 9800, Residual: 6.464759e+04, Error: 5.225736e+02
Iteration 9900, Residual: 6.360306e+04, Error: 5.156546e+02
Iteration 10000, Residual: 6.257825e+04, Error: 5.088468e+02
Iteration 10100, Residual: 6.157276e+04, Error: 5.021482e+02
Iteration 10200, Residual: 6.058617e+04, Error: 4.955565e+02
Iteration 10300, Residual: 5.961808e+04, Error: 4.890699e+02
Iteration 10400, Residual: 5.866810e+04, Error: 4.826862e+02
Iteration 10500, Residual: 5.773585e+04, Error: 4.764036e+02
Iteration 10600, Residual: 5.682095e+04, Error: 4.702202e+02
Iteration 10700, Residual: 5.592306e+04, Error: 4.641340e+02
Iteration 10800, Residual: 5.504180e+04, Error: 4.581432e+02
Iteration 10900, Residual: 5.417684e+04, Error: 4.522461e+02
Iteration 11000, Residual: 5.332784e+04, Error: 4.464408e+02
Iteration 11100, Residual: 5.249447e+04, Error: 4.407258e+02
Iteration 11200, Residual: 5.167640e+04, Error: 4.350992e+02
Iteration 11300, Residual: 5.087333e+04, Error: 4.295595e+02
Iteration 11400, Residual: 5.008495e+04, Error: 4.241050e+02
Iteration 11500, Residual: 4.931094e+04, Error: 4.187341e+02
Iteration 11600, Residual: 4.855104e+04, Error: 4.134454e+02
Iteration 11700, Residual: 4.780493e+04, Error: 4.082373e+02
Iteration 11800, Residual: 4.707235e+04, Error: 4.031083e+02
Iteration 11900, Residual: 4.635303e+04, Error: 3.980569e+02
Iteration 12000, Residual: 4.564668e+04, Error: 3.930818e+02
Iteration 12100, Residual: 4.495306e+04, Error: 3.881816e+02
Iteration 12200, Residual: 4.427190e+04, Error: 3.833549e+02
Iteration 12300, Residual: 4.360296e+04, Error: 3.786003e+02
Iteration 12400, Residual: 4.294599e+04, Error: 3.739165e+02
Iteration 12500, Residual: 4.230075e+04, Error: 3.693023e+02
Iteration 12600, Residual: 4.166700e+04, Error: 3.647564e+02
Iteration 12700, Residual: 4.104452e+04, Error: 3.602777e+02
Iteration 12800, Residual: 4.043309e+04, Error: 3.558648e+02
Iteration 12900, Residual: 3.983247e+04, Error: 3.515166e+02
Iteration 13000, Residual: 3.924247e+04, Error: 3.472319e+02
Iteration 13100, Residual: 3.866286e+04, Error: 3.430097e+02
Iteration 13200, Residual: 3.809345e+04, Error: 3.388487e+02
Iteration 13300, Residual: 3.753402e+04, Error: 3.347480e+02
Iteration 13400, Residual: 3.698439e+04, Error: 3.307065e+02
Iteration 13500, Residual: 3.644436e+04, Error: 3.267231e+02
Iteration 13600, Residual: 3.591374e+04, Error: 3.227967e+02
Iteration 13700, Residual: 3.539235e+04, Error: 3.189265e+02
Iteration 13800, Residual: 3.488001e+04, Error: 3.151114e+02
Iteration 13900, Residual: 3.437653e+04, Error: 3.113504e+02
Iteration 14000, Residual: 3.388175e+04, Error: 3.076427e+02
Iteration 14100, Residual: 3.339549e+04, Error: 3.039873e+02
Iteration 14200, Residual: 3.291760e+04, Error: 3.003832e+02
Iteration 14300, Residual: 3.244790e+04, Error: 2.968297e+02
Iteration 14400, Residual: 3.198624e+04, Error: 2.933258e+02
Iteration 14500, Residual: 3.153246e+04, Error: 2.898706e+02
Iteration 14600, Residual: 3.108640e+04, Error: 2.864635e+02
Iteration 14700, Residual: 3.064793e+04, Error: 2.831035e+02
Iteration 14800, Residual: 3.021689e+04, Error: 2.797898e+02
Iteration 14900, Residual: 2.979313e+04, Error: 2.765217e+02
Iteration 15000, Residual: 2.937652e+04, Error: 2.732983e+02
Iteration 15100, Residual: 2.896693e+04, Error: 2.701190e+02
Iteration 15200, Residual: 2.856420e+04, Error: 2.669830e+02
Iteration 15300, Residual: 2.816822e+04, Error: 2.638896e+02
Iteration 15400, Residual: 2.777885e+04, Error: 2.608380e+02
Iteration 15500, Residual: 2.739597e+04, Error: 2.578276e+02
Iteration 15600, Residual: 2.701945e+04, Error: 2.548577e+02
Iteration 15700, Residual: 2.664916e+04, Error: 2.519276e+02
Iteration 15800, Residual: 2.628500e+04, Error: 2.490367e+02
Iteration 15900, Residual: 2.592685e+04, Error: 2.461843e+02
Iteration 16000, Residual: 2.557458e+04, Error: 2.433697e+02
Iteration 16100, Residual: 2.522809e+04, Error: 2.405925e+02
Iteration 16200, Residual: 2.488727e+04, Error: 2.378519e+02
Iteration 16300, Residual: 2.455200e+04, Error: 2.351474e+02
Iteration 16400, Residual: 2.422220e+04, Error: 2.324784e+02
Iteration 16500, Residual: 2.389774e+04, Error: 2.298443e+02
Iteration 16600, Residual: 2.357853e+04, Error: 2.272445e+02
Iteration 16700, Residual: 2.326448e+04, Error: 2.246786e+02
Iteration 16800, Residual: 2.295548e+04, Error: 2.221460e+02
Iteration 16900, Residual: 2.265144e+04, Error: 2.196461e+02
Iteration 17000, Residual: 2.235226e+04, Error: 2.171784e+02
Iteration 17100, Residual: 2.205786e+04, Error: 2.147424e+02
Iteration 17200, Residual: 2.176814e+04, Error: 2.123377e+02
Iteration 17300, Residual: 2.148302e+04, Error: 2.099637e+02
Iteration 17400, Residual: 2.120241e+04, Error: 2.076199e+02
Iteration 17500, Residual: 2.092623e+04, Error: 2.053060e+02
Iteration 17600, Residual: 2.065440e+04, Error: 2.030213e+02
Iteration 17700, Residual: 2.038683e+04, Error: 2.007656e+02
Iteration 17800, Residual: 2.012344e+04, Error: 1.985382e+02
Iteration 17900, Residual: 1.986416e+04, Error: 1.963388e+02
Iteration 18000, Residual: 1.960892e+04, Error: 1.941670e+02
Iteration 18100, Residual: 1.935763e+04, Error: 1.920224e+02
Iteration 18200, Residual: 1.911022e+04, Error: 1.899044e+02
Iteration 18300, Residual: 1.886663e+04, Error: 1.878128e+02
Iteration 18400, Residual: 1.862678e+04, Error: 1.857471e+02
Iteration 18500, Residual: 1.839061e+04, Error: 1.837070e+02
Iteration 18600, Residual: 1.815804e+04, Error: 1.816920e+02
Iteration 18700, Residual: 1.792901e+04, Error: 1.797018e+02
Iteration 18800, Residual: 1.770346e+04, Error: 1.777360e+02
Iteration 18900, Residual: 1.748132e+04, Error: 1.757942e+02
Iteration 19000, Residual: 1.726254e+04, Error: 1.738762e+02
Iteration 19100, Residual: 1.704705e+04, Error: 1.719815e+02
Iteration 19200, Residual: 1.683478e+04, Error: 1.701098e+02
Iteration 19300, Residual: 1.662569e+04, Error: 1.682608e+02
Iteration 19400, Residual: 1.641972e+04, Error: 1.664341e+02
Iteration 19500, Residual: 1.621680e+04, Error: 1.646294e+02
Iteration 19600, Residual: 1.601689e+04, Error: 1.628465e+02
Iteration 19700, Residual: 1.581994e+04, Error: 1.610849e+02
Iteration 19800, Residual: 1.562588e+04, Error: 1.593444e+02
Iteration 19900, Residual: 1.543466e+04, Error: 1.576246e+02
Iteration 20000, Residual: 1.524625e+04, Error: 1.559254e+02
Iteration 20100, Residual: 1.506058e+04, Error: 1.542463e+02
Iteration 20200, Residual: 1.487761e+04, Error: 1.525872e+02
Iteration 20300, Residual: 1.469729e+04, Error: 1.509476e+02
Iteration 20400, Residual: 1.451957e+04, Error: 1.493275e+02
Iteration 20500, Residual: 1.434442e+04, Error: 1.477264e+02
Iteration 20600, Residual: 1.417177e+04, Error: 1.461441e+02
Iteration 20700, Residual: 1.400160e+04, Error: 1.445803e+02
Iteration 20800, Residual: 1.383385e+04, Error: 1.430349e+02
Iteration 20900, Residual: 1.366849e+04, Error: 1.415074e+02
Iteration 21000, Residual: 1.350547e+04, Error: 1.399978e+02
Iteration 21100, Residual: 1.334475e+04, Error: 1.385058e+02
Iteration 21200, Residual: 1.318630e+04, Error: 1.370310e+02
Iteration 21300, Residual: 1.303007e+04, Error: 1.355733e+02
Iteration 21400, Residual: 1.287602e+04, Error: 1.341324e+02
Iteration 21500, Residual: 1.272413e+04, Error: 1.327082e+02
Iteration 21600, Residual: 1.257434e+04, Error: 1.313003e+02
Iteration 21700, Residual: 1.242664e+04, Error: 1.299086e+02
Iteration 21800, Residual: 1.228097e+04, Error: 1.285329e+02
Iteration 21900, Residual: 1.213731e+04, Error: 1.271729e+02
Iteration 22000, Residual: 1.199562e+04, Error: 1.258284e+02
Iteration 22100, Residual: 1.185587e+04, Error: 1.244992e+02
Iteration 22200, Residual: 1.171803e+04, Error: 1.231852e+02
Iteration 22300, Residual: 1.158206e+04, Error: 1.218861e+02
Iteration 22400, Residual: 1.144794e+04, Error: 1.206017e+02
Iteration 22500, Residual: 1.131563e+04, Error: 1.193318e+02
Iteration 22600, Residual: 1.118510e+04, Error: 1.180763e+02
Iteration 22700, Residual: 1.105633e+04, Error: 1.168349e+02
Iteration 22800, Residual: 1.092928e+04, Error: 1.156075e+02
Iteration 22900, Residual: 1.080392e+04, Error: 1.143939e+02
Iteration 23000, Residual: 1.068024e+04, Error: 1.131939e+02
Iteration 23100, Residual: 1.055820e+04, Error: 1.120074e+02
Iteration 23200, Residual: 1.043777e+04, Error: 1.108341e+02
Iteration 23300, Residual: 1.031893e+04, Error: 1.096738e+02
Iteration 23400, Residual: 1.020165e+04, Error: 1.085266e+02
Iteration 23500, Residual: 1.008592e+04, Error: 1.073921e+02
Iteration 23600, Residual: 9.971690e+03, Error: 1.062701e+02
Iteration 23700, Residual: 9.858954e+03, Error: 1.051607e+02
Iteration 23800, Residual: 9.747682e+03, Error: 1.040635e+02
Iteration 23900, Residual: 9.637852e+03, Error: 1.029784e+02
Iteration 24000, Residual: 9.529441e+03, Error: 1.019054e+02
Iteration 24100, Residual: 9.422427e+03, Error: 1.008441e+02
Iteration 24200, Residual: 9.316787e+03, Error: 9.979455e+01
Iteration 24300, Residual: 9.212501e+03, Error: 9.875652e+01
Iteration 24400, Residual: 9.109546e+03, Error: 9.772989e+01
Iteration 24500, Residual: 9.007902e+03, Error: 9.671451e+01
Iteration 24600, Residual: 8.907550e+03, Error: 9.571025e+01
Iteration 24700, Residual: 8.808468e+03, Error: 9.471696e+01
Iteration 24800, Residual: 8.710637e+03, Error: 9.373453e+01
Iteration 24900, Residual: 8.614038e+03, Error: 9.276280e+01
Iteration 25000, Residual: 8.518653e+03, Error: 9.180165e+01
Iteration 25100, Residual: 8.424462e+03, Error: 9.085096e+01
Iteration 25200, Residual: 8.331447e+03, Error: 8.991059e+01
Iteration 25300, Residual: 8.239591e+03, Error: 8.898042e+01
Iteration 25400, Residual: 8.148876e+03, Error: 8.806033e+01
Iteration 25500, Residual: 8.059285e+03, Error: 8.715020e+01
Iteration 25600, Residual: 7.970801e+03, Error: 8.624990e+01
Iteration 25700, Residual: 7.883408e+03, Error: 8.535932e+01
Iteration 25800, Residual: 7.797089e+03, Error: 8.447835e+01
Iteration 25900, Residual: 7.711828e+03, Error: 8.360687e+01
Iteration 26000, Residual: 7.627610e+03, Error: 8.274476e+01
Iteration 26100, Residual: 7.544419e+03, Error: 8.189191e+01
Iteration 26200, Residual: 7.462240e+03, Error: 8.104823e+01
Iteration 26300, Residual: 7.381059e+03, Error: 8.021359e+01
Iteration 26400, Residual: 7.300861e+03, Error: 7.938789e+01
Iteration 26500, Residual: 7.221631e+03, Error: 7.857102e+01
Iteration 26600, Residual: 7.143356e+03, Error: 7.776289e+01
Iteration 26700, Residual: 7.066021e+03, Error: 7.696339e+01
Iteration 26800, Residual: 6.989613e+03, Error: 7.617242e+01
Iteration 26900, Residual: 6.914120e+03, Error: 7.538988e+01
Iteration 27000, Residual: 6.839527e+03, Error: 7.461567e+01
Iteration 27100, Residual: 6.765823e+03, Error: 7.384970e+01
Iteration 27200, Residual: 6.692993e+03, Error: 7.309186e+01
Iteration 27300, Residual: 6.621027e+03, Error: 7.234208e+01
Iteration 27400, Residual: 6.549912e+03, Error: 7.160024e+01
Iteration 27500, Residual: 6.479635e+03, Error: 7.086627e+01
Iteration 27600, Residual: 6.410186e+03, Error: 7.014007e+01
Iteration 27700, Residual: 6.341553e+03, Error: 6.942156e+01
Iteration 27800, Residual: 6.273724e+03, Error: 6.871063e+01
Iteration 27900, Residual: 6.206687e+03, Error: 6.800722e+01
Iteration 28000, Residual: 6.140434e+03, Error: 6.731123e+01
Iteration 28100, Residual: 6.074951e+03, Error: 6.662258e+01
Iteration 28200, Residual: 6.010230e+03, Error: 6.594118e+01
Iteration 28300, Residual: 5.946259e+03, Error: 6.526696e+01
Iteration 28400, Residual: 5.883028e+03, Error: 6.459983e+01
Iteration 28500, Residual: 5.820528e+03, Error: 6.393971e+01
Iteration 28600, Residual: 5.758748e+03, Error: 6.328653e+01
Iteration 28700, Residual: 5.697678e+03, Error: 6.264020e+01
Iteration 28800, Residual: 5.637310e+03, Error: 6.200064e+01
Iteration 28900, Residual: 5.577633e+03, Error: 6.136779e+01
Iteration 29000, Residual: 5.518639e+03, Error: 6.074157e+01
Iteration 29100, Residual: 5.460318e+03, Error: 6.012190e+01
Iteration 29200, Residual: 5.402661e+03, Error: 5.950871e+01
Iteration 29300, Residual: 5.345660e+03, Error: 5.890193e+01
Iteration 29400, Residual: 5.289307e+03, Error: 5.830149e+01
Iteration 29500, Residual: 5.233591e+03, Error: 5.770731e+01
Iteration 29600, Residual: 5.178506e+03, Error: 5.711933e+01
Iteration 29700, Residual: 5.124043e+03, Error: 5.653748e+01
Iteration 29800, Residual: 5.070193e+03, Error: 5.596168e+01
Iteration 29900, Residual: 5.016950e+03, Error: 5.539189e+01
Iteration 30000, Residual: 4.964304e+03, Error: 5.482802e+01
Iteration 30100, Residual: 4.912249e+03, Error: 5.427001e+01
Iteration 30200, Residual: 4.860777e+03, Error: 5.371780e+01
Iteration 30300, Residual: 4.809879e+03, Error: 5.317133e+01
Iteration 30400, Residual: 4.759550e+03, Error: 5.263053e+01
Iteration 30500, Residual: 4.709781e+03, Error: 5.209534e+01
Iteration 30600, Residual: 4.660566e+03, Error: 5.156570e+01
Iteration 30700, Residual: 4.611897e+03, Error: 5.104155e+01
Iteration 30800, Residual: 4.563768e+03, Error: 5.052282e+01
Iteration 30900, Residual: 4.516172e+03, Error: 5.000946e+01
Iteration 31000, Residual: 4.469102e+03, Error: 4.950142e+01
Iteration 31100, Residual: 4.422552e+03, Error: 4.899863e+01
Iteration 31200, Residual: 4.376514e+03, Error: 4.850104e+01
Iteration 31300, Residual: 4.330984e+03, Error: 4.800858e+01
Iteration 31400, Residual: 4.285953e+03, Error: 4.752121e+01
Iteration 31500, Residual: 4.241417e+03, Error: 4.703887e+01
Iteration 31600, Residual: 4.197369e+03, Error: 4.656151e+01
Iteration 31700, Residual: 4.153804e+03, Error: 4.608907e+01
Iteration 31800, Residual: 4.110714e+03, Error: 4.562150e+01
Iteration 31900, Residual: 4.068094e+03, Error: 4.515874e+01
Iteration 32000, Residual: 4.025940e+03, Error: 4.470075e+01
Iteration 32100, Residual: 3.984244e+03, Error: 4.424748e+01
Iteration 32200, Residual: 3.943001e+03, Error: 4.379886e+01
Iteration 32300, Residual: 3.902207e+03, Error: 4.335486e+01
Iteration 32400, Residual: 3.861855e+03, Error: 4.291543e+01
Iteration 32500, Residual: 3.821940e+03, Error: 4.248051e+01
Iteration 32600, Residual: 3.782457e+03, Error: 4.205006e+01
Iteration 32700, Residual: 3.743400e+03, Error: 4.162403e+01
Iteration 32800, Residual: 3.704765e+03, Error: 4.120237e+01
Iteration 32900, Residual: 3.666547e+03, Error: 4.078503e+01
Iteration 33000, Residual: 3.628740e+03, Error: 4.037198e+01
Iteration 33100, Residual: 3.591340e+03, Error: 3.996316e+01
Iteration 33200, Residual: 3.554342e+03, Error: 3.955853e+01
Iteration 33300, Residual: 3.517741e+03, Error: 3.915805e+01
Iteration 33400, Residual: 3.481532e+03, Error: 3.876167e+01
Iteration 33500, Residual: 3.445712e+03, Error: 3.836935e+01
Iteration 33600, Residual: 3.410274e+03, Error: 3.798104e+01
Iteration 33700, Residual: 3.375215e+03, Error: 3.759670e+01
Iteration 33800, Residual: 3.340531e+03, Error: 3.721630e+01
Iteration 33900, Residual: 3.306217e+03, Error: 3.683979e+01
Iteration 34000, Residual: 3.272268e+03, Error: 3.646712e+01
Iteration 34100, Residual: 3.238680e+03, Error: 3.609826e+01
Iteration 34200, Residual: 3.205450e+03, Error: 3.573317e+01
Iteration 34300, Residual: 3.172573e+03, Error: 3.537181e+01
Iteration 34400, Residual: 3.140045e+03, Error: 3.501414e+01
Iteration 34500, Residual: 3.107863e+03, Error: 3.466012e+01
Iteration 34600, Residual: 3.076021e+03, Error: 3.430971e+01
Iteration 34700, Residual: 3.044516e+03, Error: 3.396287e+01
Iteration 34800, Residual: 3.013344e+03, Error: 3.361957e+01
Iteration 34900, Residual: 2.982502e+03, Error: 3.327978e+01
Iteration 35000, Residual: 2.951986e+03, Error: 3.294344e+01
Iteration 35100, Residual: 2.921792e+03, Error: 3.261053e+01
Iteration 35200, Residual: 2.891916e+03, Error: 3.228102e+01
Iteration 35300, Residual: 2.862354e+03, Error: 3.195486e+01
Iteration 35400, Residual: 2.833104e+03, Error: 3.163202e+01
Iteration 35500, Residual: 2.804162e+03, Error: 3.131246e+01
Iteration 35600, Residual: 2.775523e+03, Error: 3.099616e+01
Iteration 35700, Residual: 2.747186e+03, Error: 3.068308e+01
Iteration 35800, Residual: 2.719146e+03, Error: 3.037318e+01
Iteration 35900, Residual: 2.691400e+03, Error: 3.006644e+01
Iteration 36000, Residual: 2.663944e+03, Error: 2.976281e+01
Iteration 36100, Residual: 2.636776e+03, Error: 2.946227e+01
Iteration 36200, Residual: 2.609893e+03, Error: 2.916479e+01
Iteration 36300, Residual: 2.583290e+03, Error: 2.887032e+01
Iteration 36400, Residual: 2.556966e+03, Error: 2.857885e+01
Iteration 36500, Residual: 2.530916e+03, Error: 2.829034e+01
Iteration 36600, Residual: 2.505138e+03, Error: 2.800476e+01
Iteration 36700, Residual: 2.479629e+03, Error: 2.772208e+01
Iteration 36800, Residual: 2.454386e+03, Error: 2.744227e+01
Iteration 36900, Residual: 2.429406e+03, Error: 2.716530e+01
Iteration 37000, Residual: 2.404686e+03, Error: 2.689114e+01
Iteration 37100, Residual: 2.380223e+03, Error: 2.661976e+01
Iteration 37200, Residual: 2.356014e+03, Error: 2.635113e+01
Iteration 37300, Residual: 2.332057e+03, Error: 2.608523e+01
Iteration 37400, Residual: 2.308348e+03, Error: 2.582202e+01
Iteration 37500, Residual: 2.284886e+03, Error: 2.556149e+01
Iteration 37600, Residual: 2.261667e+03, Error: 2.530359e+01
Iteration 37700, Residual: 2.238689e+03, Error: 2.504831e+01
Iteration 37800, Residual: 2.215949e+03, Error: 2.479561e+01
Iteration 37900, Residual: 2.193444e+03, Error: 2.454548e+01
Iteration 38000, Residual: 2.171173e+03, Error: 2.429788e+01
Iteration 38100, Residual: 2.149131e+03, Error: 2.405278e+01
Iteration 38200, Residual: 2.127318e+03, Error: 2.381017e+01
Iteration 38300, Residual: 2.105730e+03, Error: 2.357002e+01
Iteration 38400, Residual: 2.084365e+03, Error: 2.333229e+01
Iteration 38500, Residual: 2.063221e+03, Error: 2.309698e+01
Iteration 38600, Residual: 2.042294e+03, Error: 2.286404e+01
Iteration 38700, Residual: 2.021584e+03, Error: 2.263346e+01
Iteration 38800, Residual: 2.001087e+03, Error: 2.240522e+01
Iteration 38900, Residual: 1.980802e+03, Error: 2.217928e+01
Iteration 39000, Residual: 1.960725e+03, Error: 2.195563e+01
Iteration 39100, Residual: 1.940855e+03, Error: 2.173425e+01
Iteration 39200, Residual: 1.921190e+03, Error: 2.151510e+01
Iteration 39300, Residual: 1.901727e+03, Error: 2.129816e+01
Iteration 39400, Residual: 1.882464e+03, Error: 2.108343e+01
Iteration 39500, Residual: 1.863399e+03, Error: 2.087086e+01
Iteration 39600, Residual: 1.844530e+03, Error: 2.066044e+01
Iteration 39700, Residual: 1.825855e+03, Error: 2.045214e+01
Iteration 39800, Residual: 1.807372e+03, Error: 2.024596e+01
Iteration 39900, Residual: 1.789078e+03, Error: 2.004185e+01
Iteration 40000, Residual: 1.770972e+03, Error: 1.983981e+01
Iteration 40100, Residual: 1.753052e+03, Error: 1.963981e+01
Iteration 40200, Residual: 1.735315e+03, Error: 1.944183e+01
Iteration 40300, Residual: 1.717760e+03, Error: 1.924585e+01
Iteration 40400, Residual: 1.700385e+03, Error: 1.905185e+01
Iteration 40500, Residual: 1.683188e+03, Error: 1.885980e+01
Iteration 40600, Residual: 1.666167e+03, Error: 1.866970e+01
Iteration 40700, Residual: 1.649320e+03, Error: 1.848152e+01
Iteration 40800, Residual: 1.632645e+03, Error: 1.829523e+01
Iteration 40900, Residual: 1.616141e+03, Error: 1.811083e+01
Iteration 41000, Residual: 1.599806e+03, Error: 1.792829e+01
Iteration 41100, Residual: 1.583638e+03, Error: 1.774759e+01
Iteration 41200, Residual: 1.567635e+03, Error: 1.756871e+01
Iteration 41300, Residual: 1.551795e+03, Error: 1.739164e+01
Iteration 41400, Residual: 1.536118e+03, Error: 1.721636e+01
Iteration 41500, Residual: 1.520600e+03, Error: 1.704284e+01
Iteration 41600, Residual: 1.505240e+03, Error: 1.687107e+01
Iteration 41700, Residual: 1.490038e+03, Error: 1.670104e+01
Iteration 41800, Residual: 1.474990e+03, Error: 1.653272e+01
Iteration 41900, Residual: 1.460096e+03, Error: 1.636610e+01
Iteration 42000, Residual: 1.445353e+03, Error: 1.620116e+01
Iteration 42100, Residual: 1.430761e+03, Error: 1.603789e+01
Iteration 42200, Residual: 1.416318e+03, Error: 1.587626e+01
Iteration 42300, Residual: 1.402022e+03, Error: 1.571626e+01
Iteration 42400, Residual: 1.387871e+03, Error: 1.555787e+01
Iteration 42500, Residual: 1.373864e+03, Error: 1.540108e+01
Iteration 42600, Residual: 1.360000e+03, Error: 1.524587e+01
Iteration 42700, Residual: 1.346277e+03, Error: 1.509223e+01
Iteration 42800, Residual: 1.332694e+03, Error: 1.494013e+01
Iteration 42900, Residual: 1.319249e+03, Error: 1.478957e+01
Iteration 43000, Residual: 1.305941e+03, Error: 1.464052e+01
Iteration 43100, Residual: 1.292768e+03, Error: 1.449298e+01
Iteration 43200, Residual: 1.279728e+03, Error: 1.434692e+01
Iteration 43300, Residual: 1.266822e+03, Error: 1.420234e+01
Iteration 43400, Residual: 1.254046e+03, Error: 1.405921e+01
Iteration 43500, Residual: 1.241401e+03, Error: 1.391752e+01
Iteration 43600, Residual: 1.228883e+03, Error: 1.377726e+01
Iteration 43700, Residual: 1.216493e+03, Error: 1.363842e+01
Iteration 43800, Residual: 1.204229e+03, Error: 1.350097e+01
Iteration 43900, Residual: 1.192089e+03, Error: 1.336491e+01
Iteration 44000, Residual: 1.180072e+03, Error: 1.323021e+01
Iteration 44100, Residual: 1.168177e+03, Error: 1.309688e+01
Iteration 44200, Residual: 1.156403e+03, Error: 1.296488e+01
Iteration 44300, Residual: 1.144749e+03, Error: 1.283422e+01
Iteration 44400, Residual: 1.133212e+03, Error: 1.270487e+01
Iteration 44500, Residual: 1.121793e+03, Error: 1.257683e+01
Iteration 44600, Residual: 1.110489e+03, Error: 1.245007e+01
Iteration 44700, Residual: 1.099300e+03, Error: 1.232459e+01
Iteration 44800, Residual: 1.088224e+03, Error: 1.220038e+01
Iteration 44900, Residual: 1.077261e+03, Error: 1.207741e+01
Iteration 45000, Residual: 1.066409e+03, Error: 1.195568e+01
Iteration 45100, Residual: 1.055666e+03, Error: 1.183518e+01
Iteration 45200, Residual: 1.045032e+03, Error: 1.171589e+01
Iteration 45300, Residual: 1.034506e+03, Error: 1.159780e+01
Iteration 45400, Residual: 1.024087e+03, Error: 1.148090e+01
Iteration 45500, Residual: 1.013773e+03, Error: 1.136518e+01
Iteration 45600, Residual: 1.003564e+03, Error: 1.125062e+01
Iteration 45700, Residual: 9.934575e+02, Error: 1.113721e+01
Iteration 45800, Residual: 9.834536e+02, Error: 1.102495e+01
Iteration 45900, Residual: 9.735510e+02, Error: 1.091381e+01
Iteration 46000, Residual: 9.637485e+02, Error: 1.080380e+01
Iteration 46100, Residual: 9.540452e+02, Error: 1.069489e+01
Iteration 46200, Residual: 9.444400e+02, Error: 1.058708e+01
Iteration 46300, Residual: 9.349319e+02, Error: 1.048035e+01
Iteration 46400, Residual: 9.255200e+02, Error: 1.037469e+01
Iteration 46500, Residual: 9.162033e+02, Error: 1.027010e+01
Iteration 46600, Residual: 9.069807e+02, Error: 1.016656e+01
Iteration 46700, Residual: 8.978514e+02, Error: 1.006406e+01
Iteration 46800, Residual: 8.888143e+02, Error: 9.962598e+00
Iteration 46900, Residual: 8.798686e+02, Error: 9.862152e+00
Iteration 47000, Residual: 8.710133e+02, Error: 9.762717e+00
Iteration 47100, Residual: 8.622474e+02, Error: 9.664282e+00
Iteration 47200, Residual: 8.535701e+02, Error: 9.566838e+00
Iteration 47300, Residual: 8.449804e+02, Error: 9.470373e+00
Iteration 47400, Residual: 8.364775e+02, Error: 9.374879e+00
Iteration 47500, Residual: 8.280605e+02, Error: 9.280345e+00
Iteration 47600, Residual: 8.197285e+02, Error: 9.186763e+00
Iteration 47700, Residual: 8.114806e+02, Error: 9.094121e+00
Iteration 47800, Residual: 8.033159e+02, Error: 9.002411e+00
Iteration 47900, Residual: 7.952337e+02, Error: 8.911623e+00
Iteration 48000, Residual: 7.872331e+02, Error: 8.821749e+00
Iteration 48100, Residual: 7.793133e+02, Error: 8.732778e+00
Iteration 48200, Residual: 7.714733e+02, Error: 8.644702e+00
Iteration 48300, Residual: 7.637125e+02, Error: 8.557512e+00
Iteration 48400, Residual: 7.560300e+02, Error: 8.471199e+00
Iteration 48500, Residual: 7.484251e+02, Error: 8.385753e+00
Iteration 48600, Residual: 7.408968e+02, Error: 8.301167e+00
Iteration 48700, Residual: 7.334445e+02, Error: 8.217431e+00
Iteration 48800, Residual: 7.260674e+02, Error: 8.134537e+00
Iteration 48900, Residual: 7.187646e+02, Error: 8.052477e+00
Iteration 49000, Residual: 7.115356e+02, Error: 7.971242e+00
Iteration 49100, Residual: 7.043794e+02, Error: 7.890823e+00
Iteration 49200, Residual: 6.972954e+02, Error: 7.811213e+00
Iteration 49300, Residual: 6.902829e+02, Error: 7.732404e+00
Iteration 49400, Residual: 6.833410e+02, Error: 7.654387e+00
Iteration 49500, Residual: 6.764691e+02, Error: 7.577154e+00
Iteration 49600, Residual: 6.696665e+02, Error: 7.500697e+00
Iteration 49700, Residual: 6.629325e+02, Error: 7.425009e+00
Iteration 49800, Residual: 6.562664e+02, Error: 7.350082e+00
Iteration 49900, Residual: 6.496674e+02, Error: 7.275909e+00
Iteration 50000, Residual: 6.431350e+02, Error: 7.202481e+00
Iteration 50100, Residual: 6.366684e+02, Error: 7.129791e+00
Iteration 50200, Residual: 6.302670e+02, Error: 7.057831e+00
Iteration 50300, Residual: 6.239300e+02, Error: 6.986596e+00
Iteration 50400, Residual: 6.176569e+02, Error: 6.916076e+00
Iteration 50500, Residual: 6.114471e+02, Error: 6.846265e+00
Iteration 50600, Residual: 6.052998e+02, Error: 6.777155e+00
Iteration 50700, Residual: 5.992144e+02, Error: 6.708741e+00
Iteration 50800, Residual: 5.931903e+02, Error: 6.641014e+00
Iteration 50900, Residual: 5.872269e+02, Error: 6.573967e+00
Iteration 51000, Residual: 5.813236e+02, Error: 6.507595e+00
Iteration 51100, Residual: 5.754797e+02, Error: 6.441890e+00
Iteration 51200, Residual: 5.696947e+02, Error: 6.376845e+00
Iteration 51300, Residual: 5.639679e+02, Error: 6.312453e+00
Iteration 51400, Residual: 5.582988e+02, Error: 6.248709e+00
Iteration 51500, Residual: 5.526868e+02, Error: 6.185606e+00
Iteration 51600, Residual: 5.471314e+02, Error: 6.123137e+00
Iteration 51700, Residual: 5.416318e+02, Error: 6.061295e+00
Iteration 51800, Residual: 5.361876e+02, Error: 6.000075e+00
Iteration 51900, Residual: 5.307983e+02, Error: 5.939471e+00
Iteration 52000, Residual: 5.254632e+02, Error: 5.879475e+00
Iteration 52100, Residual: 5.201818e+02, Error: 5.820082e+00
Iteration 52200, Residual: 5.149536e+02, Error: 5.761286e+00
Iteration 52300, Residual: 5.097780e+02, Error: 5.703081e+00
Iteration 52400, Residual: 5.046545e+02, Error: 5.645461e+00
Iteration 52500, Residual: 4.995825e+02, Error: 5.588420e+00
Iteration 52600, Residual: 4.945616e+02, Error: 5.531952e+00
Iteration 52700, Residual: 4.895913e+02, Error: 5.476052e+00
Iteration 52800, Residual: 4.846710e+02, Error: 5.420713e+00
Iteration 52900, Residual: 4.798001e+02, Error: 5.365930e+00
Iteration 53000, Residual: 4.749784e+02, Error: 5.311698e+00
Iteration 53100, Residual: 4.702051e+02, Error: 5.258011e+00
Iteration 53200, Residual: 4.654798e+02, Error: 5.204863e+00
Iteration 53300, Residual: 4.608021e+02, Error: 5.152249e+00
Iteration 53400, Residual: 4.561715e+02, Error: 5.100164e+00
Iteration 53500, Residual: 4.515875e+02, Error: 5.048603e+00
Iteration 53600, Residual: 4.470496e+02, Error: 4.997559e+00
Iteration 53700, Residual: 4.425573e+02, Error: 4.947028e+00
Iteration 53800, Residual: 4.381102e+02, Error: 4.897005e+00
Iteration 53900, Residual: 4.337079e+02, Error: 4.847485e+00
Iteration 54000, Residual: 4.293499e+02, Error: 4.798462e+00
Iteration 54100, Residual: 4.250357e+02, Error: 4.749931e+00
Iteration 54200, Residual: 4.207649e+02, Error: 4.701889e+00
Iteration 54300, Residual: 4.165370e+02, Error: 4.654329e+00
Iteration 54400, Residual: 4.123517e+02, Error: 4.607246e+00
Iteration 54500, Residual: 4.082085e+02, Error: 4.560637e+00
Iteration 54600, Residual: 4.041069e+02, Error: 4.514496e+00
Iteration 54700, Residual: 4.000467e+02, Error: 4.468819e+00
Iteration 54800, Residual: 3.960272e+02, Error: 4.423601e+00
Iteration 54900, Residual: 3.920482e+02, Error: 4.378837e+00
Iteration 55000, Residual: 3.881091e+02, Error: 4.334522e+00
Iteration 55100, Residual: 3.842097e+02, Error: 4.290653e+00
Iteration 55200, Residual: 3.803496e+02, Error: 4.247225e+00
Iteration 55300, Residual: 3.765282e+02, Error: 4.204233e+00
Iteration 55400, Residual: 3.727452e+02, Error: 4.161673e+00
Iteration 55500, Residual: 3.690003e+02, Error: 4.119540e+00
Iteration 55600, Residual: 3.652931e+02, Error: 4.077831e+00
Iteration 55700, Residual: 3.616231e+02, Error: 4.036541e+00
Iteration 55800, Residual: 3.579900e+02, Error: 3.995665e+00
Iteration 55900, Residual: 3.543935e+02, Error: 3.955200e+00
Iteration 56000, Residual: 3.508331e+02, Error: 3.915142e+00
Iteration 56100, Residual: 3.473086e+02, Error: 3.875486e+00
Iteration 56200, Residual: 3.438194e+02, Error: 3.836229e+00
Iteration 56300, Residual: 3.403653e+02, Error: 3.797366e+00
Iteration 56400, Residual: 3.369460e+02, Error: 3.758893e+00
Iteration 56500, Residual: 3.335610e+02, Error: 3.720807e+00
Iteration 56600, Residual: 3.302101e+02, Error: 3.683103e+00
Iteration 56700, Residual: 3.268929e+02, Error: 3.645779e+00
Iteration 56800, Residual: 3.236090e+02, Error: 3.608829e+00
Iteration 56900, Residual: 3.203581e+02, Error: 3.572250e+00
Iteration 57000, Residual: 3.171399e+02, Error: 3.536039e+00
Iteration 57100, Residual: 3.139540e+02, Error: 3.500192e+00
Iteration 57200, Residual: 3.108002e+02, Error: 3.464704e+00
Iteration 57300, Residual: 3.076780e+02, Error: 3.429574e+00
Iteration 57400, Residual: 3.045873e+02, Error: 3.394796e+00
Iteration 57500, Residual: 3.015276e+02, Error: 3.360367e+00
Iteration 57600, Residual: 2.984987e+02, Error: 3.326285e+00
Iteration 57700, Residual: 2.955002e+02, Error: 3.292544e+00
Iteration 57800, Residual: 2.925318e+02, Error: 3.259143e+00
Iteration 57900, Residual: 2.895933e+02, Error: 3.226077e+00
Iteration 58000, Residual: 2.866843e+02, Error: 3.193344e+00
Iteration 58100, Residual: 2.838046e+02, Error: 3.160939e+00
Iteration 58200, Residual: 2.809538e+02, Error: 3.128860e+00
Iteration 58300, Residual: 2.781317e+02, Error: 3.097103e+00
Iteration 58400, Residual: 2.753379e+02, Error: 3.065665e+00
Iteration 58500, Residual: 2.725722e+02, Error: 3.034542e+00
Iteration 58600, Residual: 2.698343e+02, Error: 3.003733e+00
Iteration 58700, Residual: 2.671239e+02, Error: 2.973233e+00
Iteration 58800, Residual: 2.644407e+02, Error: 2.943039e+00
Iteration 58900, Residual: 2.617845e+02, Error: 2.913149e+00
Iteration 59000, Residual: 2.591550e+02, Error: 2.883558e+00
Iteration 59100, Residual: 2.565519e+02, Error: 2.854266e+00
Iteration 59200, Residual: 2.539750e+02, Error: 2.825267e+00
Iteration 59300, Residual: 2.514240e+02, Error: 2.796560e+00
Iteration 59400, Residual: 2.488986e+02, Error: 2.768141e+00
Iteration 59500, Residual: 2.463986e+02, Error: 2.740007e+00
Iteration 59600, Residual: 2.439237e+02, Error: 2.712156e+00
Iteration 59700, Residual: 2.414736e+02, Error: 2.684585e+00
Iteration 59800, Residual: 2.390482e+02, Error: 2.657291e+00
Iteration 59900, Residual: 2.366472e+02, Error: 2.630271e+00
Iteration 60000, Residual: 2.342703e+02, Error: 2.603523e+00
Iteration 60100, Residual: 2.319173e+02, Error: 2.577043e+00
Iteration 60200, Residual: 2.295879e+02, Error: 2.550829e+00
Iteration 60300, Residual: 2.272819e+02, Error: 2.524879e+00
Iteration 60400, Residual: 2.249991e+02, Error: 2.499189e+00
Iteration 60500, Residual: 2.227392e+02, Error: 2.473757e+00
Iteration 60600, Residual: 2.205021e+02, Error: 2.448581e+00
Iteration 60700, Residual: 2.182874e+02, Error: 2.423657e+00
Iteration 60800, Residual: 2.160949e+02, Error: 2.398984e+00
Iteration 60900, Residual: 2.139245e+02, Error: 2.374559e+00
Iteration 61000, Residual: 2.117759e+02, Error: 2.350379e+00
Iteration 61100, Residual: 2.096489e+02, Error: 2.326442e+00
Iteration 61200, Residual: 2.075433e+02, Error: 2.302746e+00
Iteration 61300, Residual: 2.054588e+02, Error: 2.279287e+00
Iteration 61400, Residual: 2.033952e+02, Error: 2.256065e+00
Iteration 61500, Residual: 2.013524e+02, Error: 2.233075e+00
Iteration 61600, Residual: 1.993301e+02, Error: 2.210317e+00
Iteration 61700, Residual: 1.973281e+02, Error: 2.187787e+00
Iteration 61800, Residual: 1.953463e+02, Error: 2.165483e+00
Iteration 61900, Residual: 1.933843e+02, Error: 2.143404e+00
Iteration 62000, Residual: 1.914421e+02, Error: 2.121546e+00
Iteration 62100, Residual: 1.895193e+02, Error: 2.099908e+00
Iteration 62200, Residual: 1.876159e+02, Error: 2.078487e+00
Iteration 62300, Residual: 1.857316e+02, Error: 2.057281e+00
Iteration 62400, Residual: 1.838663e+02, Error: 2.036289e+00
Iteration 62500, Residual: 1.820196e+02, Error: 2.015507e+00
Iteration 62600, Residual: 1.801916e+02, Error: 1.994934e+00
Iteration 62700, Residual: 1.783818e+02, Error: 1.974568e+00
Iteration 62800, Residual: 1.765903e+02, Error: 1.954406e+00
Iteration 62900, Residual: 1.748168e+02, Error: 1.934447e+00
Iteration 63000, Residual: 1.730611e+02, Error: 1.914688e+00
Iteration 63100, Residual: 1.713230e+02, Error: 1.895128e+00
Iteration 63200, Residual: 1.696023e+02, Error: 1.875765e+00
Iteration 63300, Residual: 1.678990e+02, Error: 1.856596e+00
Iteration 63400, Residual: 1.662128e+02, Error: 1.837619e+00
Iteration 63500, Residual: 1.645435e+02, Error: 1.818833e+00
Iteration 63600, Residual: 1.628910e+02, Error: 1.800236e+00
Iteration 63700, Residual: 1.612551e+02, Error: 1.781826e+00
Iteration 63800, Residual: 1.596356e+02, Error: 1.763601e+00
Iteration 63900, Residual: 1.580323e+02, Error: 1.745558e+00
Iteration 64000, Residual: 1.564452e+02, Error: 1.727697e+00
Iteration 64100, Residual: 1.548741e+02, Error: 1.710016e+00
Iteration 64200, Residual: 1.533187e+02, Error: 1.692512e+00
Iteration 64300, Residual: 1.517789e+02, Error: 1.675184e+00
Iteration 64400, Residual: 1.502546e+02, Error: 1.658030e+00
Iteration 64500, Residual: 1.487456e+02, Error: 1.641048e+00
Iteration 64600, Residual: 1.472518e+02, Error: 1.624237e+00
Iteration 64700, Residual: 1.457729e+02, Error: 1.607595e+00
Iteration 64800, Residual: 1.443090e+02, Error: 1.591120e+00
Iteration 64900, Residual: 1.428597e+02, Error: 1.574811e+00
Iteration 65000, Residual: 1.414250e+02, Error: 1.558665e+00
Iteration 65100, Residual: 1.400047e+02, Error: 1.542682e+00
Iteration 65200, Residual: 1.385986e+02, Error: 1.526859e+00
Iteration 65300, Residual: 1.372067e+02, Error: 1.511196e+00
Iteration 65400, Residual: 1.358288e+02, Error: 1.495689e+00
Iteration 65500, Residual: 1.344647e+02, Error: 1.480339e+00
Iteration 65600, Residual: 1.331143e+02, Error: 1.465142e+00
Iteration 65700, Residual: 1.317775e+02, Error: 1.450099e+00
Iteration 65800, Residual: 1.304541e+02, Error: 1.435206e+00
Iteration 65900, Residual: 1.291440e+02, Error: 1.420463e+00
Iteration 66000, Residual: 1.278470e+02, Error: 1.405869e+00
Iteration 66100, Residual: 1.265631e+02, Error: 1.391421e+00
Iteration 66200, Residual: 1.252921e+02, Error: 1.377118e+00
Iteration 66300, Residual: 1.240338e+02, Error: 1.362959e+00
Iteration 66400, Residual: 1.227882e+02, Error: 1.348942e+00
Iteration 66500, Residual: 1.215551e+02, Error: 1.335066e+00
Iteration 66600, Residual: 1.203344e+02, Error: 1.321329e+00
Iteration 66700, Residual: 1.191259e+02, Error: 1.307731e+00
Iteration 66800, Residual: 1.179296e+02, Error: 1.294269e+00
Iteration 66900, Residual: 1.167452e+02, Error: 1.280942e+00
Iteration 67000, Residual: 1.155728e+02, Error: 1.267749e+00
Iteration 67100, Residual: 1.144122e+02, Error: 1.254689e+00
Iteration 67200, Residual: 1.132632e+02, Error: 1.241761e+00
Iteration 67300, Residual: 1.121257e+02, Error: 1.228962e+00
Iteration 67400, Residual: 1.109997e+02, Error: 1.216291e+00
Iteration 67500, Residual: 1.098850e+02, Error: 1.203748e+00
Iteration 67600, Residual: 1.087815e+02, Error: 1.191331e+00
Iteration 67700, Residual: 1.076891e+02, Error: 1.179039e+00
Iteration 67800, Residual: 1.066076e+02, Error: 1.166871e+00
Iteration 67900, Residual: 1.055370e+02, Error: 1.154824e+00
Iteration 68000, Residual: 1.044771e+02, Error: 1.142899e+00
Iteration 68100, Residual: 1.034279e+02, Error: 1.131094e+00
Iteration 68200, Residual: 1.023893e+02, Error: 1.119407e+00
Iteration 68300, Residual: 1.013610e+02, Error: 1.107838e+00
Iteration 68400, Residual: 1.003431e+02, Error: 1.096385e+00
Iteration 68500, Residual: 9.933545e+01, Error: 1.085047e+00
Iteration 68600, Residual: 9.833788e+01, Error: 1.073823e+00
Iteration 68700, Residual: 9.735033e+01, Error: 1.062712e+00
Iteration 68800, Residual: 9.637271e+01, Error: 1.051713e+00
Iteration 68900, Residual: 9.540490e+01, Error: 1.040824e+00
Iteration 69000, Residual: 9.444681e+01, Error: 1.030045e+00
Iteration 69100, Residual: 9.349834e+01, Error: 1.019374e+00
Iteration 69200, Residual: 9.255940e+01, Error: 1.008810e+00
Iteration 69300, Residual: 9.162989e+01, Error: 9.983530e-01
Iteration 69400, Residual: 9.070971e+01, Error: 9.880006e-01
Iteration 69500, Residual: 8.979877e+01, Error: 9.777524e-01
Iteration 69600, Residual: 8.889699e+01, Error: 9.676072e-01
Iteration 69700, Residual: 8.800426e+01, Error: 9.575640e-01
Iteration 69800, Residual: 8.712049e+01, Error: 9.476217e-01
Iteration 69900, Residual: 8.624560e+01, Error: 9.377795e-01
Iteration 70000, Residual: 8.537950e+01, Error: 9.280362e-01
Iteration 70100, Residual: 8.452210e+01, Error: 9.183909e-01
Iteration 70200, Residual: 8.367330e+01, Error: 9.088425e-01
Iteration 70300, Residual: 8.283303e+01, Error: 8.993902e-01
Iteration 70400, Residual: 8.200120e+01, Error: 8.900329e-01
Iteration 70500, Residual: 8.117772e+01, Error: 8.807698e-01
Iteration 70600, Residual: 8.036252e+01, Error: 8.715997e-01
Iteration 70700, Residual: 7.955550e+01, Error: 8.625219e-01
Iteration 70800, Residual: 7.875658e+01, Error: 8.535355e-01
Iteration 70900, Residual: 7.796569e+01, Error: 8.446394e-01
Iteration 71000, Residual: 7.718274e+01, Error: 8.358327e-01
Iteration 71100, Residual: 7.640766e+01, Error: 8.271147e-01
Iteration 71200, Residual: 7.564036e+01, Error: 8.184843e-01
Iteration 71300, Residual: 7.488076e+01, Error: 8.099408e-01
Iteration 71400, Residual: 7.412879e+01, Error: 8.014832e-01
Iteration 71500, Residual: 7.338438e+01, Error: 7.931106e-01
Iteration 71600, Residual: 7.264744e+01, Error: 7.848223e-01
Iteration 71700, Residual: 7.191790e+01, Error: 7.766174e-01
Iteration 71800, Residual: 7.119568e+01, Error: 7.684951e-01
Iteration 71900, Residual: 7.048073e+01, Error: 7.604544e-01
Iteration 72000, Residual: 6.977295e+01, Error: 7.524947e-01
Iteration 72100, Residual: 6.907227e+01, Error: 7.446150e-01
Iteration 72200, Residual: 6.837864e+01, Error: 7.368147e-01
Iteration 72300, Residual: 6.769197e+01, Error: 7.290928e-01
Iteration 72400, Residual: 6.701220e+01, Error: 7.214487e-01
Iteration 72500, Residual: 6.633925e+01, Error: 7.138814e-01
Iteration 72600, Residual: 6.567306e+01, Error: 7.063904e-01
Iteration 72700, Residual: 6.501356e+01, Error: 6.989747e-01
Iteration 72800, Residual: 6.436069e+01, Error: 6.916337e-01
Iteration 72900, Residual: 6.371437e+01, Error: 6.843665e-01
Iteration 73000, Residual: 6.307454e+01, Error: 6.771726e-01
Iteration 73100, Residual: 6.244114e+01, Error: 6.700510e-01
Iteration 73200, Residual: 6.181410e+01, Error: 6.630011e-01
Iteration 73300, Residual: 6.119335e+01, Error: 6.560222e-01
Iteration 73400, Residual: 6.057884e+01, Error: 6.491136e-01
Iteration 73500, Residual: 5.997050e+01, Error: 6.422746e-01
Iteration 73600, Residual: 5.936827e+01, Error: 6.355044e-01
Iteration 73700, Residual: 5.877209e+01, Error: 6.288024e-01
Iteration 73800, Residual: 5.818189e+01, Error: 6.221678e-01
Iteration 73900, Residual: 5.759763e+01, Error: 6.156002e-01
Iteration 74000, Residual: 5.701922e+01, Error: 6.090986e-01
Iteration 74100, Residual: 5.644663e+01, Error: 6.026625e-01
Iteration 74200, Residual: 5.587979e+01, Error: 5.962913e-01
Iteration 74300, Residual: 5.531864e+01, Error: 5.899843e-01
Iteration 74400, Residual: 5.476313e+01, Error: 5.837408e-01
Iteration 74500, Residual: 5.421319e+01, Error: 5.775602e-01
Iteration 74600, Residual: 5.366878e+01, Error: 5.714419e-01
Iteration 74700, Residual: 5.312983e+01, Error: 5.653852e-01
Iteration 74800, Residual: 5.259630e+01, Error: 5.593896e-01
Iteration 74900, Residual: 5.206812e+01, Error: 5.534544e-01
Iteration 75000, Residual: 5.154525e+01, Error: 5.475790e-01
Iteration 75100, Residual: 5.102763e+01, Error: 5.417629e-01
Iteration 75200, Residual: 5.051521e+01, Error: 5.360054e-01
Iteration 75300, Residual: 5.000793e+01, Error: 5.303059e-01
Iteration 75400, Residual: 4.950575e+01, Error: 5.246639e-01
Iteration 75500, Residual: 4.900861e+01, Error: 5.190788e-01
Iteration 75600, Residual: 4.851646e+01, Error: 5.135500e-01
Iteration 75700, Residual: 4.802926e+01, Error: 5.080770e-01
Iteration 75800, Residual: 4.754695e+01, Error: 5.026592e-01
Iteration 75900, Residual: 4.706948e+01, Error: 4.972961e-01
Iteration 76000, Residual: 4.659680e+01, Error: 4.919870e-01
Iteration 76100, Residual: 4.612888e+01, Error: 4.867315e-01
Iteration 76200, Residual: 4.566565e+01, Error: 4.815291e-01
Iteration 76300, Residual: 4.520707e+01, Error: 4.763791e-01
Iteration 76400, Residual: 4.475310e+01, Error: 4.712811e-01
Iteration 76500, Residual: 4.430369e+01, Error: 4.662346e-01
Iteration 76600, Residual: 4.385879e+01, Error: 4.612390e-01
Iteration 76700, Residual: 4.341836e+01, Error: 4.562939e-01
Iteration 76800, Residual: 4.298235e+01, Error: 4.513987e-01
Iteration 76900, Residual: 4.255072e+01, Error: 4.465530e-01
Iteration 77000, Residual: 4.212343e+01, Error: 4.417561e-01
Iteration 77100, Residual: 4.170042e+01, Error: 4.370078e-01
Iteration 77200, Residual: 4.128167e+01, Error: 4.323074e-01
Iteration 77300, Residual: 4.086711e+01, Error: 4.276545e-01
Iteration 77400, Residual: 4.045673e+01, Error: 4.230486e-01
Iteration 77500, Residual: 4.005046e+01, Error: 4.184893e-01
Iteration 77600, Residual: 3.964827e+01, Error: 4.139761e-01
Iteration 77700, Residual: 3.925012e+01, Error: 4.095084e-01
Iteration 77800, Residual: 3.885597e+01, Error: 4.050860e-01
Iteration 77900, Residual: 3.846578e+01, Error: 4.007083e-01
Iteration 78000, Residual: 3.807951e+01, Error: 3.963749e-01
Iteration 78100, Residual: 3.769711e+01, Error: 3.920853e-01
Iteration 78200, Residual: 3.731856e+01, Error: 3.878391e-01
Iteration 78300, Residual: 3.694381e+01, Error: 3.836359e-01
Iteration 78400, Residual: 3.657282e+01, Error: 3.794752e-01
Iteration 78500, Residual: 3.620555e+01, Error: 3.753567e-01
Iteration 78600, Residual: 3.584198e+01, Error: 3.712798e-01
Iteration 78700, Residual: 3.548205e+01, Error: 3.672443e-01
Iteration 78800, Residual: 3.512574e+01, Error: 3.632496e-01
Iteration 78900, Residual: 3.477301e+01, Error: 3.592954e-01
Iteration 79000, Residual: 3.442382e+01, Error: 3.553812e-01
Iteration 79100, Residual: 3.407813e+01, Error: 3.515068e-01
Iteration 79200, Residual: 3.373592e+01, Error: 3.476716e-01
Iteration 79300, Residual: 3.339715e+01, Error: 3.438753e-01
Iteration 79400, Residual: 3.306177e+01, Error: 3.401175e-01
Iteration 79500, Residual: 3.272977e+01, Error: 3.363978e-01
Iteration 79600, Residual: 3.240110e+01, Error: 3.327158e-01
Iteration 79700, Residual: 3.207572e+01, Error: 3.290713e-01
Iteration 79800, Residual: 3.175362e+01, Error: 3.254637e-01
Iteration 79900, Residual: 3.143475e+01, Error: 3.218928e-01
Iteration 80000, Residual: 3.111908e+01, Error: 3.183581e-01
Iteration 80100, Residual: 3.080659e+01, Error: 3.148593e-01
Iteration 80200, Residual: 3.049723e+01, Error: 3.113961e-01
Iteration 80300, Residual: 3.019098e+01, Error: 3.079681e-01
Iteration 80400, Residual: 2.988780e+01, Error: 3.045750e-01
Iteration 80500, Residual: 2.958767e+01, Error: 3.012164e-01
Iteration 80600, Residual: 2.929055e+01, Error: 2.978919e-01
Iteration 80700, Residual: 2.899641e+01, Error: 2.946013e-01
Iteration 80800, Residual: 2.870523e+01, Error: 2.913442e-01
Iteration 80900, Residual: 2.841697e+01, Error: 2.881202e-01
Iteration 81000, Residual: 2.813161e+01, Error: 2.849291e-01
Iteration 81100, Residual: 2.784911e+01, Error: 2.817705e-01
Iteration 81200, Residual: 2.756946e+01, Error: 2.786441e-01
Iteration 81300, Residual: 2.729260e+01, Error: 2.755496e-01
Iteration 81400, Residual: 2.701853e+01, Error: 2.724867e-01
Iteration 81500, Residual: 2.674721e+01, Error: 2.694550e-01
Iteration 81600, Residual: 2.647862e+01, Error: 2.664542e-01
Iteration 81700, Residual: 2.621272e+01, Error: 2.634842e-01
Iteration 81800, Residual: 2.594949e+01, Error: 2.605444e-01
Iteration 81900, Residual: 2.568891e+01, Error: 2.576347e-01
Iteration 82000, Residual: 2.543094e+01, Error: 2.547548e-01
Iteration 82100, Residual: 2.517557e+01, Error: 2.519043e-01
Iteration 82200, Residual: 2.492275e+01, Error: 2.490830e-01
Iteration 82300, Residual: 2.467248e+01, Error: 2.462906e-01
Iteration 82400, Residual: 2.442472e+01, Error: 2.435268e-01
Iteration 82500, Residual: 2.417945e+01, Error: 2.407913e-01
Iteration 82600, Residual: 2.393664e+01, Error: 2.380839e-01
Iteration 82700, Residual: 2.369627e+01, Error: 2.354042e-01
Iteration 82800, Residual: 2.345831e+01, Error: 2.327520e-01
Iteration 82900, Residual: 2.322275e+01, Error: 2.301271e-01
Iteration 83000, Residual: 2.298954e+01, Error: 2.275292e-01
Iteration 83100, Residual: 2.275868e+01, Error: 2.249580e-01
Iteration 83200, Residual: 2.253014e+01, Error: 2.224132e-01
Iteration 83300, Residual: 2.230390e+01, Error: 2.198946e-01
Iteration 83400, Residual: 2.207992e+01, Error: 2.174019e-01
Iteration 83500, Residual: 2.185820e+01, Error: 2.149350e-01
Iteration 83600, Residual: 2.163870e+01, Error: 2.124935e-01
Iteration 83700, Residual: 2.142140e+01, Error: 2.100771e-01
Iteration 83800, Residual: 2.120629e+01, Error: 2.076857e-01
Iteration 83900, Residual: 2.099334e+01, Error: 2.053191e-01
Iteration 84000, Residual: 2.078252e+01, Error: 2.029769e-01
Iteration 84100, Residual: 2.057383e+01, Error: 2.006589e-01
Iteration 84200, Residual: 2.036722e+01, Error: 1.983650e-01
Iteration 84300, Residual: 2.016270e+01, Error: 1.960948e-01
Iteration 84400, Residual: 1.996023e+01, Error: 1.938481e-01
Iteration 84500, Residual: 1.975979e+01, Error: 1.916248e-01
Iteration 84600, Residual: 1.956136e+01, Error: 1.894246e-01
Iteration 84700, Residual: 1.936492e+01, Error: 1.872472e-01
Iteration 84800, Residual: 1.917046e+01, Error: 1.850925e-01
Iteration 84900, Residual: 1.897795e+01, Error: 1.829603e-01
Iteration 85000, Residual: 1.878738e+01, Error: 1.808502e-01
Iteration 85100, Residual: 1.859872e+01, Error: 1.787622e-01
Iteration 85200, Residual: 1.841195e+01, Error: 1.766960e-01
Iteration 85300, Residual: 1.822706e+01, Error: 1.746514e-01
Iteration 85400, Residual: 1.804402e+01, Error: 1.726282e-01
Iteration 85500, Residual: 1.786283e+01, Error: 1.706261e-01
Iteration 85600, Residual: 1.768345e+01, Error: 1.686451e-01
Iteration 85700, Residual: 1.750587e+01, Error: 1.666849e-01
Iteration 85800, Residual: 1.733008e+01, Error: 1.647453e-01
Iteration 85900, Residual: 1.715605e+01, Error: 1.628260e-01
Iteration 86000, Residual: 1.698377e+01, Error: 1.609270e-01
Iteration 86100, Residual: 1.681322e+01, Error: 1.590480e-01
Iteration 86200, Residual: 1.664438e+01, Error: 1.571889e-01
Iteration 86300, Residual: 1.647724e+01, Error: 1.553494e-01
Iteration 86400, Residual: 1.631178e+01, Error: 1.535294e-01
Iteration 86500, Residual: 1.614798e+01, Error: 1.517287e-01
Iteration 86600, Residual: 1.598582e+01, Error: 1.499471e-01
Iteration 86700, Residual: 1.582529e+01, Error: 1.481845e-01
Iteration 86800, Residual: 1.566638e+01, Error: 1.464406e-01
Iteration 86900, Residual: 1.550905e+01, Error: 1.447153e-01
Iteration 87000, Residual: 1.535331e+01, Error: 1.430084e-01
Iteration 87100, Residual: 1.519914e+01, Error: 1.413198e-01
Iteration 87200, Residual: 1.504651e+01, Error: 1.396493e-01
Iteration 87300, Residual: 1.489541e+01, Error: 1.379967e-01
Iteration 87400, Residual: 1.474583e+01, Error: 1.363619e-01
Iteration 87500, Residual: 1.459776e+01, Error: 1.347446e-01
Iteration 87600, Residual: 1.445117e+01, Error: 1.331448e-01
Iteration 87700, Residual: 1.430605e+01, Error: 1.315624e-01
Iteration 87800, Residual: 1.416239e+01, Error: 1.299970e-01
Iteration 87900, Residual: 1.402017e+01, Error: 1.284486e-01
Iteration 88000, Residual: 1.387938e+01, Error: 1.269171e-01
Iteration 88100, Residual: 1.374001e+01, Error: 1.254022e-01
Iteration 88200, Residual: 1.360203e+01, Error: 1.239039e-01
Iteration 88300, Residual: 1.346544e+01, Error: 1.224220e-01
Iteration 88400, Residual: 1.333022e+01, Error: 1.209563e-01
Iteration 88500, Residual: 1.319636e+01, Error: 1.195068e-01
Iteration 88600, Residual: 1.306384e+01, Error: 1.180732e-01
Iteration 88700, Residual: 1.293266e+01, Error: 1.166554e-01
Iteration 88800, Residual: 1.280279e+01, Error: 1.152533e-01
Iteration 88900, Residual: 1.267422e+01, Error: 1.138668e-01
Iteration 89000, Residual: 1.254695e+01, Error: 1.124958e-01
Iteration 89100, Residual: 1.242095e+01, Error: 1.111400e-01
Iteration 89200, Residual: 1.229622e+01, Error: 1.097994e-01
Iteration 89300, Residual: 1.217274e+01, Error: 1.084738e-01
Iteration 89400, Residual: 1.205051e+01, Error: 1.071632e-01
Iteration 89500, Residual: 1.192950e+01, Error: 1.058673e-01
Iteration 89600, Residual: 1.180970e+01, Error: 1.045861e-01
Iteration 89700, Residual: 1.169111e+01, Error: 1.033195e-01
Iteration 89800, Residual: 1.157371e+01, Error: 1.020673e-01
Iteration 89900, Residual: 1.145749e+01, Error: 1.008295e-01
Iteration 90000, Residual: 1.134243e+01, Error: 9.960581e-02
Iteration 90100, Residual: 1.122853e+01, Error: 9.839624e-02
Iteration 90200, Residual: 1.111577e+01, Error: 9.720065e-02
Iteration 90300, Residual: 1.100415e+01, Error: 9.601892e-02
Iteration 90400, Residual: 1.089365e+01, Error: 9.485096e-02
Iteration 90500, Residual: 1.078425e+01, Error: 9.369665e-02
Iteration 90600, Residual: 1.067596e+01, Error: 9.255589e-02
Iteration 90700, Residual: 1.056875e+01, Error: 9.142858e-02
Iteration 90800, Residual: 1.046262e+01, Error: 9.031461e-02
Iteration 90900, Residual: 1.035756e+01, Error: 8.921388e-02
Iteration 91000, Residual: 1.025355e+01, Error: 8.812630e-02
Iteration 91100, Residual: 1.015058e+01, Error: 8.705177e-02
Iteration 91200, Residual: 1.004865e+01, Error: 8.599019e-02
Iteration 91300, Residual: 9.947743e+00, Error: 8.494147e-02
Iteration 91400, Residual: 9.847848e+00, Error: 8.390551e-02
Iteration 91500, Residual: 9.748957e+00, Error: 8.288224e-02
Iteration 91600, Residual: 9.651058e+00, Error: 8.187155e-02
Iteration 91700, Residual: 9.554143e+00, Error: 8.087336e-02
Iteration 91800, Residual: 9.458201e+00, Error: 7.988758e-02
Iteration 91900, Residual: 9.363223e+00, Error: 7.891413e-02
Iteration 92000, Residual: 9.269198e+00, Error: 7.795293e-02
Iteration 92100, Residual: 9.176117e+00, Error: 7.700389e-02
Iteration 92200, Residual: 9.083971e+00, Error: 7.606693e-02
Iteration 92300, Residual: 8.992751e+00, Error: 7.514198e-02
Iteration 92400, Residual: 8.902446e+00, Error: 7.422896e-02
Iteration 92500, Residual: 8.813049e+00, Error: 7.332778e-02
Iteration 92600, Residual: 8.724549e+00, Error: 7.243839e-02
Iteration 92700, Residual: 8.636937e+00, Error: 7.156070e-02
Iteration 92800, Residual: 8.550206e+00, Error: 7.069464e-02
Iteration 92900, Residual: 8.464345e+00, Error: 6.984014e-02
Iteration 93000, Residual: 8.379347e+00, Error: 6.899714e-02
Iteration 93100, Residual: 8.295202e+00, Error: 6.816556e-02
Iteration 93200, Residual: 8.211902e+00, Error: 6.734534e-02
Iteration 93300, Residual: 8.129439e+00, Error: 6.653641e-02
Iteration 93400, Residual: 8.047804e+00, Error: 6.573871e-02
Iteration 93500, Residual: 7.966989e+00, Error: 6.495218e-02
Iteration 93600, Residual: 7.886985e+00, Error: 6.417676e-02
Iteration 93700, Residual: 7.807784e+00, Error: 6.341238e-02
Iteration 93800, Residual: 7.729379e+00, Error: 6.265898e-02
Iteration 93900, Residual: 7.651761e+00, Error: 6.191652e-02
Iteration 94000, Residual: 7.574923e+00, Error: 6.118492e-02
Iteration 94100, Residual: 7.498856e+00, Error: 6.046414e-02
Iteration 94200, Residual: 7.423553e+00, Error: 5.975412e-02
Iteration 94300, Residual: 7.349006e+00, Error: 5.905481e-02
Iteration 94400, Residual: 7.275208e+00, Error: 5.836615e-02
Iteration 94500, Residual: 7.202151e+00, Error: 5.768809e-02
Iteration 94600, Residual: 7.129828e+00, Error: 5.702058e-02
Iteration 94700, Residual: 7.058230e+00, Error: 5.636357e-02
Iteration 94800, Residual: 6.987352e+00, Error: 5.571701e-02
Iteration 94900, Residual: 6.917186e+00, Error: 5.508085e-02
Iteration 95000, Residual: 6.847724e+00, Error: 5.445504e-02
Iteration 95100, Residual: 6.778960e+00, Error: 5.383954e-02
Iteration 95200, Residual: 6.710886e+00, Error: 5.323430e-02
Iteration 95300, Residual: 6.643496e+00, Error: 5.263926e-02
Iteration 95400, Residual: 6.576782e+00, Error: 5.205439e-02
Iteration 95500, Residual: 6.510739e+00, Error: 5.147965e-02
Iteration 95600, Residual: 6.445358e+00, Error: 5.091497e-02
Iteration 95700, Residual: 6.380635e+00, Error: 5.036032e-02
Iteration 95800, Residual: 6.316561e+00, Error: 4.981566e-02
Iteration 95900, Residual: 6.253130e+00, Error: 4.928093e-02
Iteration 96000, Residual: 6.190337e+00, Error: 4.875610e-02
Iteration 96100, Residual: 6.128174e+00, Error: 4.824111e-02
Iteration 96200, Residual: 6.066635e+00, Error: 4.773593e-02
Iteration 96300, Residual: 6.005715e+00, Error: 4.724050e-02
Iteration 96400, Residual: 5.945406e+00, Error: 4.675479e-02
Iteration 96500, Residual: 5.885702e+00, Error: 4.627874e-02
Iteration 96600, Residual: 5.826599e+00, Error: 4.581231e-02
Iteration 96700, Residual: 5.768088e+00, Error: 4.535545e-02
Iteration 96800, Residual: 5.710166e+00, Error: 4.490812e-02
Iteration 96900, Residual: 5.652825e+00, Error: 4.447027e-02
Iteration 97000, Residual: 5.596059e+00, Error: 4.404184e-02
Iteration 97100, Residual: 5.539864e+00, Error: 4.362279e-02
Iteration 97200, Residual: 5.484233e+00, Error: 4.321306e-02
Iteration 97300, Residual: 5.429161e+00, Error: 4.281261e-02
Iteration 97400, Residual: 5.374642e+00, Error: 4.242139e-02
Iteration 97500, Residual: 5.320670e+00, Error: 4.203933e-02
Iteration 97600, Residual: 5.267240e+00, Error: 4.166638e-02
Iteration 97700, Residual: 5.214347e+00, Error: 4.130248e-02
Iteration 97800, Residual: 5.161985e+00, Error: 4.094759e-02
Iteration 97900, Residual: 5.110149e+00, Error: 4.060163e-02
Iteration 98000, Residual: 5.058833e+00, Error: 4.026454e-02
Iteration 98100, Residual: 5.008033e+00, Error: 3.993627e-02
Iteration 98200, Residual: 4.957743e+00, Error: 3.961675e-02
Iteration 98300, Residual: 4.907957e+00, Error: 3.930591e-02
Iteration 98400, Residual: 4.858672e+00, Error: 3.900368e-02
Iteration 98500, Residual: 4.809882e+00, Error: 3.870999e-02
Iteration 98600, Residual: 4.761581e+00, Error: 3.842478e-02
Iteration 98700, Residual: 4.713766e+00, Error: 3.814796e-02
Iteration 98800, Residual: 4.666430e+00, Error: 3.787946e-02
Iteration 98900, Residual: 4.619571e+00, Error: 3.761921e-02
Iteration 99000, Residual: 4.573181e+00, Error: 3.736712e-02
Iteration 99100, Residual: 4.527258e+00, Error: 3.712311e-02
Iteration 99200, Residual: 4.481795e+00, Error: 3.688709e-02
Iteration 99300, Residual: 4.436789e+00, Error: 3.665899e-02
Iteration 99400, Residual: 4.392236e+00, Error: 3.643871e-02
Iteration 99500, Residual: 4.348129e+00, Error: 3.622616e-02
Iteration 99600, Residual: 4.304466e+00, Error: 3.602125e-02
Iteration 99700, Residual: 4.261240e+00, Error: 3.582389e-02
Iteration 99800, Residual: 4.218449e+00, Error: 3.563397e-02
Iteration 99900, Residual: 4.176088e+00, Error: 3.545141e-02
Iteration 100000, Residual: 4.134152e+00, Error: 3.527610e-02
Iteration 100100, Residual: 4.092637e+00, Error: 3.510794e-02
Iteration 100200, Residual: 4.051539e+00, Error: 3.494683e-02
Iteration 100300, Residual: 4.010854e+00, Error: 3.479266e-02
Iteration 100400, Residual: 3.970577e+00, Error: 3.464533e-02
Iteration 100500, Residual: 3.930705e+00, Error: 3.450472e-02
Iteration 100600, Residual: 3.891233e+00, Error: 3.437074e-02
Iteration 100700, Residual: 3.852158e+00, Error: 3.424326e-02
Iteration 100800, Residual: 3.813475e+00, Error: 3.412218e-02
Iteration 100900, Residual: 3.775180e+00, Error: 3.400738e-02
Iteration 101000, Residual: 3.737270e+00, Error: 3.389875e-02
Iteration 101100, Residual: 3.699741e+00, Error: 3.379618e-02
Iteration 101200, Residual: 3.662588e+00, Error: 3.369954e-02
Iteration 101300, Residual: 3.625809e+00, Error: 3.360873e-02
Iteration 101400, Residual: 3.589399e+00, Error: 3.352363e-02
Iteration 101500, Residual: 3.553354e+00, Error: 3.344411e-02
Iteration 101600, Residual: 3.517672e+00, Error: 3.337007e-02
Iteration 101700, Residual: 3.482348e+00, Error: 3.330137e-02
Iteration 101800, Residual: 3.447378e+00, Error: 3.323792e-02
Iteration 101900, Residual: 3.412760e+00, Error: 3.317958e-02
Iteration 102000, Residual: 3.378489e+00, Error: 3.312624e-02
Iteration 102100, Residual: 3.344563e+00, Error: 3.307779e-02
Iteration 102200, Residual: 3.310977e+00, Error: 3.303410e-02
Iteration 102300, Residual: 3.277728e+00, Error: 3.299506e-02
Iteration 102400, Residual: 3.244814e+00, Error: 3.296055e-02
Iteration 102500, Residual: 3.212230e+00, Error: 3.293046e-02
Iteration 102600, Residual: 3.179973e+00, Error: 3.290467e-02
Iteration 102700, Residual: 3.148040e+00, Error: 3.288308e-02
Iteration 102800, Residual: 3.116427e+00, Error: 3.286555e-02
Iteration 102900, Residual: 3.085132e+00, Error: 3.285199e-02
Iteration 103000, Residual: 3.054152e+00, Error: 3.284228e-02
Iteration 103100, Residual: 3.023482e+00, Error: 3.283632e-02
Iteration 103200, Residual: 2.993121e+00, Error: 3.283399e-02
Iteration 103300, Residual: 2.963064e+00, Error: 3.283519e-02
Iteration 103400, Residual: 2.933309e+00, Error: 3.283981e-02
Iteration 103500, Residual: 2.903853e+00, Error: 3.284774e-02
Iteration 103600, Residual: 2.874693e+00, Error: 3.285889e-02
Iteration 103700, Residual: 2.845825e+00, Error: 3.287316e-02
Iteration 103800, Residual: 2.817248e+00, Error: 3.289043e-02
Iteration 103900, Residual: 2.788957e+00, Error: 3.291062e-02
Iteration 104000, Residual: 2.760951e+00, Error: 3.293363e-02
Iteration 104100, Residual: 2.733225e+00, Error: 3.295937e-02
Iteration 104200, Residual: 2.705779e+00, Error: 3.298773e-02
Iteration 104300, Residual: 2.678607e+00, Error: 3.301863e-02
Iteration 104400, Residual: 2.651709e+00, Error: 3.305198e-02
Iteration 104500, Residual: 2.625081e+00, Error: 3.308770e-02
Iteration 104600, Residual: 2.598720e+00, Error: 3.312568e-02
Iteration 104700, Residual: 2.572624e+00, Error: 3.316586e-02
Iteration 104800, Residual: 2.546790e+00, Error: 3.320815e-02
Iteration 104900, Residual: 2.521215e+00, Error: 3.325246e-02
Iteration 105000, Residual: 2.495897e+00, Error: 3.329873e-02
Iteration 105100, Residual: 2.470834e+00, Error: 3.334686e-02
Iteration 105200, Residual: 2.446022e+00, Error: 3.339679e-02
Iteration 105300, Residual: 2.421459e+00, Error: 3.344844e-02
Iteration 105400, Residual: 2.397143e+00, Error: 3.350174e-02
Iteration 105500, Residual: 2.373071e+00, Error: 3.355663e-02
Iteration 105600, Residual: 2.349241e+00, Error: 3.361302e-02
Iteration 105700, Residual: 2.325650e+00, Error: 3.367086e-02
Iteration 105800, Residual: 2.302296e+00, Error: 3.373009e-02
Iteration 105900, Residual: 2.279176e+00, Error: 3.379063e-02
Iteration 106000, Residual: 2.256289e+00, Error: 3.385242e-02
Iteration 106100, Residual: 2.233632e+00, Error: 3.391541e-02
Iteration 106200, Residual: 2.211202e+00, Error: 3.397954e-02
Iteration 106300, Residual: 2.188997e+00, Error: 3.404476e-02
Iteration 106400, Residual: 2.167015e+00, Error: 3.411099e-02
Iteration 106500, Residual: 2.145254e+00, Error: 3.417820e-02
Iteration 106600, Residual: 2.123712e+00, Error: 3.424634e-02
Iteration 106700, Residual: 2.102386e+00, Error: 3.431534e-02
Iteration 106800, Residual: 2.081274e+00, Error: 3.438516e-02
Iteration 106900, Residual: 2.060374e+00, Error: 3.445576e-02
Iteration 107000, Residual: 2.039684e+00, Error: 3.452709e-02
Iteration 107100, Residual: 2.019201e+00, Error: 3.459910e-02
Iteration 107200, Residual: 1.998925e+00, Error: 3.467174e-02
Iteration 107300, Residual: 1.978852e+00, Error: 3.474499e-02
Iteration 107400, Residual: 1.958980e+00, Error: 3.481879e-02
Iteration 107500, Residual: 1.939308e+00, Error: 3.489311e-02
Iteration 107600, Residual: 1.919834e+00, Error: 3.496791e-02
Iteration 107700, Residual: 1.900555e+00, Error: 3.504316e-02
Iteration 107800, Residual: 1.881470e+00, Error: 3.511881e-02
Iteration 107900, Residual: 1.862576e+00, Error: 3.519483e-02
Iteration 108000, Residual: 1.843872e+00, Error: 3.527119e-02
Iteration 108100, Residual: 1.825356e+00, Error: 3.534785e-02
Iteration 108200, Residual: 1.807026e+00, Error: 3.542479e-02
Iteration 108300, Residual: 1.788880e+00, Error: 3.550198e-02
Iteration 108400, Residual: 1.770916e+00, Error: 3.557938e-02
Iteration 108500, Residual: 1.753133e+00, Error: 3.565696e-02
Iteration 108600, Residual: 1.735528e+00, Error: 3.573471e-02
Iteration 108700, Residual: 1.718100e+00, Error: 3.581259e-02
Iteration 108800, Residual: 1.700847e+00, Error: 3.589057e-02
Iteration 108900, Residual: 1.683767e+00, Error: 3.596864e-02
Iteration 109000, Residual: 1.666859e+00, Error: 3.604677e-02
Iteration 109100, Residual: 1.650121e+00, Error: 3.612494e-02
Iteration 109200, Residual: 1.633550e+00, Error: 3.620312e-02
Iteration 109300, Residual: 1.617146e+00, Error: 3.628129e-02
Iteration 109400, Residual: 1.600907e+00, Error: 3.635944e-02
Iteration 109500, Residual: 1.584831e+00, Error: 3.643754e-02
Iteration 109600, Residual: 1.568916e+00, Error: 3.651557e-02
Iteration 109700, Residual: 1.553161e+00, Error: 3.659353e-02
Iteration 109800, Residual: 1.537565e+00, Error: 3.667138e-02
Iteration 109900, Residual: 1.522124e+00, Error: 3.674911e-02
Iteration 110000, Residual: 1.506839e+00, Error: 3.682671e-02
Iteration 110100, Residual: 1.491708e+00, Error: 3.690416e-02
Iteration 110200, Residual: 1.476728e+00, Error: 3.698144e-02
Iteration 110300, Residual: 1.461899e+00, Error: 3.705854e-02
Iteration 110400, Residual: 1.447219e+00, Error: 3.713545e-02
Iteration 110500, Residual: 1.432686e+00, Error: 3.721216e-02
Iteration 110600, Residual: 1.418299e+00, Error: 3.728865e-02
Iteration 110700, Residual: 1.404057e+00, Error: 3.736490e-02
Iteration 110800, Residual: 1.389957e+00, Error: 3.744091e-02
Iteration 110900, Residual: 1.375999e+00, Error: 3.751667e-02
Iteration 111000, Residual: 1.362182e+00, Error: 3.759217e-02
Iteration 111100, Residual: 1.348503e+00, Error: 3.766739e-02
Iteration 111200, Residual: 1.334961e+00, Error: 3.774233e-02
Iteration 111300, Residual: 1.321556e+00, Error: 3.781697e-02
Iteration 111400, Residual: 1.308285e+00, Error: 3.789131e-02
Iteration 111500, Residual: 1.295147e+00, Error: 3.796534e-02
Iteration 111600, Residual: 1.282141e+00, Error: 3.803905e-02
Iteration 111700, Residual: 1.269266e+00, Error: 3.811243e-02
Iteration 111800, Residual: 1.256520e+00, Error: 3.818548e-02
Iteration 111900, Residual: 1.243902e+00, Error: 3.825819e-02
Iteration 112000, Residual: 1.231411e+00, Error: 3.833055e-02
Iteration 112100, Residual: 1.219045e+00, Error: 3.840256e-02
Iteration 112200, Residual: 1.206804e+00, Error: 3.847420e-02
Iteration 112300, Residual: 1.194685e+00, Error: 3.854549e-02
Iteration 112400, Residual: 1.182688e+00, Error: 3.861640e-02
Iteration 112500, Residual: 1.170812e+00, Error: 3.868693e-02
Iteration 112600, Residual: 1.159055e+00, Error: 3.875709e-02
Iteration 112700, Residual: 1.147415e+00, Error: 3.882686e-02
Iteration 112800, Residual: 1.135893e+00, Error: 3.889624e-02
Iteration 112900, Residual: 1.124487e+00, Error: 3.896522e-02
Iteration 113000, Residual: 1.113195e+00, Error: 3.903381e-02
Iteration 113100, Residual: 1.102016e+00, Error: 3.910200e-02
Iteration 113200, Residual: 1.090950e+00, Error: 3.916979e-02
Iteration 113300, Residual: 1.079994e+00, Error: 3.923717e-02
Iteration 113400, Residual: 1.069149e+00, Error: 3.930414e-02
Iteration 113500, Residual: 1.058413e+00, Error: 3.937070e-02
Iteration 113600, Residual: 1.047784e+00, Error: 3.943685e-02
Iteration 113700, Residual: 1.037263e+00, Error: 3.950257e-02
Iteration 113800, Residual: 1.026847e+00, Error: 3.956788e-02
Iteration 113900, Residual: 1.016535e+00, Error: 3.963277e-02
Iteration 114000, Residual: 1.006327e+00, Error: 3.969724e-02
Iteration 114100, Residual: 9.962217e-01, Error: 3.976129e-02
Iteration 114200, Residual: 9.862177e-01, Error: 3.982491e-02
Iteration 114300, Residual: 9.763142e-01, Error: 3.988810e-02
Iteration 114400, Residual: 9.665101e-01, Error: 3.995087e-02
Iteration 114500, Residual: 9.568045e-01, Error: 4.001321e-02
Iteration 114600, Residual: 9.471963e-01, Error: 4.007512e-02
Iteration 114700, Residual: 9.376847e-01, Error: 4.013660e-02
Iteration 114800, Residual: 9.282685e-01, Error: 4.019766e-02
Iteration 114900, Residual: 9.189469e-01, Error: 4.025828e-02
Iteration 115000, Residual: 9.097189e-01, Error: 4.031848e-02
Iteration 115100, Residual: 9.005836e-01, Error: 4.037824e-02
Iteration 115200, Residual: 8.915400e-01, Error: 4.043758e-02
Iteration 115300, Residual: 8.825872e-01, Error: 4.049649e-02
Final Iteration 115329, Residual: 8.800078e-01, Error: 4.051349e-02
Total Time: 297.752197 s
Total Bandwidth: 1727.283510 GB/s
Total GFLOPS: 410.229834 GFLOPS
All Steps completed.

----------------------------------------------------------------------
Omnistat Report Card for Job # 136322
----------------------------------------------------------------------

Job Overview (Num Nodes = 2, Machine = HPC Fund)
 --> Start time = 2024-12-12 22:22:00
 --> End   time = 2024-12-12 22:28:00

GPU Statistics:

           | Utilization (%)  |  Memory Use (%)  | Temperature (C)  |    Power (W)     |
     GPU # |    Max     Mean  |    Max     Mean  |    Max     Mean  |    Max     Mean  |
    ------------------------------------------------------------------------------------
         0 |  100.00   41.86  |    7.67    3.50  |   69.00   52.68  |  300.00  158.86  |
         1 |    0.00    0.00  |    0.02    0.02  |   42.00   40.05  |   45.00   44.55  |
         2 |    0.00    0.00  |    0.02    0.02  |   41.00   38.14  |   45.00   43.64  |
         3 |    0.00    0.00  |    0.02    0.02  |   40.00   38.18  |   45.00   43.55  |

Approximate Total GPU Energy Consumed = 0.05 kWh

--
Query interval = 30 secs
Query execution time = 0.2 secs
Version = 1.0.0
